22:50:34: Creating resource group General
22:50:34: Creating resource group Internal
22:50:34: Creating resource group Autodetect
22:50:34: SceneManagerFactory for type 'DefaultSceneManager' registered.
22:50:34: Registering ResourceManager for type Material
22:50:34: Registering ResourceManager for type Mesh
22:50:34: Registering ResourceManager for type Skeleton
22:50:34: MovableObjectFactory for type 'ParticleSystem' registered.
22:50:34: ArchiveFactory for archive type FileSystem registered.
22:50:34: ArchiveFactory for archive type Zip registered.
22:50:34: ArchiveFactory for archive type EmbeddedZip registered.
22:50:34: DDS codec registering
22:50:34: FreeImage version: 3.15.3
22:50:34: This program uses FreeImage, a free, open source image library supporting all common bitmap formats. See http://freeimage.sourceforge.net for details
22:50:34: Supported formats: bmp,ico,jpg,jif,jpeg,jpe,jng,koa,iff,lbm,mng,pbm,pbm,pcd,pcx,pgm,pgm,png,ppm,ppm,ras,tga,targa,tif,tiff,wap,wbmp,wbm,psd,cut,xbm,xpm,gif,hdr,g3,sgi,exr,j2k,j2c,jp2,pfm,pct,pict,pic
22:50:34: Registering ResourceManager for type HighLevelGpuProgram
22:50:34: Registering ResourceManager for type Compositor
22:50:34: MovableObjectFactory for type 'Entity' registered.
22:50:34: MovableObjectFactory for type 'Light' registered.
22:50:34: MovableObjectFactory for type 'BillboardSet' registered.
22:50:34: MovableObjectFactory for type 'ManualObject' registered.
22:50:34: MovableObjectFactory for type 'BillboardChain' registered.
22:50:34: MovableObjectFactory for type 'RibbonTrail' registered.
22:50:34: Loading library C:/msys64/mingw64/bin\RenderSystem_GL
22:50:34: Installing plugin: GL RenderSystem
22:50:34: OpenGL Rendering Subsystem created.
22:50:34: Plugin successfully installed
22:50:34: Loading library C:/msys64/mingw64/bin\Plugin_ParticleFX
22:50:34: Installing plugin: ParticleFX
22:50:34: Particle Emitter Type 'Point' registered
22:50:34: Particle Emitter Type 'Box' registered
22:50:34: Particle Emitter Type 'Ellipsoid' registered
22:50:34: Particle Emitter Type 'Cylinder' registered
22:50:34: Particle Emitter Type 'Ring' registered
22:50:34: Particle Emitter Type 'HollowEllipsoid' registered
22:50:34: Particle Affector Type 'LinearForce' registered
22:50:34: Particle Affector Type 'ColourFader' registered
22:50:34: Particle Affector Type 'ColourFader2' registered
22:50:34: Particle Affector Type 'ColourImage' registered
22:50:34: Particle Affector Type 'ColourInterpolator' registered
22:50:34: Particle Affector Type 'Scaler' registered
22:50:34: Particle Affector Type 'Rotator' registered
22:50:34: Particle Affector Type 'DirectionRandomiser' registered
22:50:34: Particle Affector Type 'DeflectorPlane' registered
22:50:34: Plugin successfully installed
22:50:34: Loading library C:/msys64/mingw64/bin\Plugin_BSPSceneManager
22:50:34: Installing plugin: BSP Scene Manager
22:50:34: Plugin successfully installed
22:50:34: Loading library C:/msys64/mingw64/bin\Plugin_CgProgramManager
22:50:34: Installing plugin: Cg Program Manager
22:50:34: Plugin successfully installed
22:50:34: Loading library C:/msys64/mingw64/bin\Plugin_PCZSceneManager
22:50:34: Installing plugin: Portal Connected Zone Scene Manager
22:50:34: PCZone Factory Type 'ZoneType_Default' registered
22:50:34: Plugin successfully installed
22:50:34: Loading library C:/msys64/mingw64/bin\Plugin_OctreeZone
22:50:34: Installing plugin: Octree Zone Factory
22:50:34: Plugin successfully installed
22:50:34: Loading library C:/msys64/mingw64/bin\Plugin_OctreeSceneManager
22:50:34: Installing plugin: Octree Scene Manager
22:50:34: Plugin successfully installed
22:50:34: Loading library C:/msys64/mingw64/bin\OgreOggSoundLib
22:50:34: Installing plugin: OgreOggSound
22:50:34: MovableObjectFactory for type 'OgreOggISound' registered.
22:50:34: Plugin successfully installed
22:50:34: *-*-* OGRE Initialising
22:50:34: *-*-* Version 1.9.0 (Ghadamon)
22:50:34: Creating resource group Essential
22:50:34: Added resource location 'C:/msys64/mingw64/Media/thumbnails' of type 'FileSystem' to resource group 'Essential'
22:50:34: Added resource location 'C:/msys64/mingw64/Media/packs/SdkTrays.zip' of type 'Zip' to resource group 'Essential'
22:50:34: Added resource location 'C:/msys64/mingw64/Media/packs/profiler.zip' of type 'Zip' to resource group 'Essential'
22:50:34: Added resource location './resources' of type 'FileSystem' to resource group 'General'
22:50:34: Added resource location './resources/MYGUI' of type 'FileSystem' to resource group 'General'
22:50:34: Creating resource group Popular
22:50:34: Added resource location 'C:/msys64/mingw64/Media/fonts' of type 'FileSystem' to resource group 'Popular'
22:50:34: Added resource location 'C:/msys64/mingw64/Media/materials/programs' of type 'FileSystem' to resource group 'Popular'
22:50:34: Added resource location 'C:/msys64/mingw64/Media/materials/scripts' of type 'FileSystem' to resource group 'Popular'
22:50:34: Added resource location 'C:/msys64/mingw64/Media/materials/textures' of type 'FileSystem' to resource group 'Popular'
22:50:34: Added resource location 'C:/msys64/mingw64/Media/materials/textures/nvidia' of type 'FileSystem' to resource group 'Popular'
22:50:34: Added resource location 'C:/msys64/mingw64/Media/models' of type 'FileSystem' to resource group 'Popular'
22:50:34: Added resource location 'C:/msys64/mingw64/Media/particle' of type 'FileSystem' to resource group 'Popular'
22:50:34: Added resource location 'C:/msys64/mingw64/Media/DeferredShadingMedia' of type 'FileSystem' to resource group 'Popular'
22:50:34: Added resource location 'C:/msys64/mingw64/Media/PCZAppMedia' of type 'FileSystem' to resource group 'Popular'
22:50:34: Added resource location 'C:/msys64/mingw64/Media/RTShaderLib' of type 'FileSystem' to resource group 'Popular'
22:50:34: Added resource location 'C:/msys64/mingw64/Media/RTShaderLib/materials' of type 'FileSystem' to resource group 'Popular'
22:50:34: Added resource location 'C:/msys64/mingw64/Media/materials/scripts/SSAO' of type 'FileSystem' to resource group 'Popular'
22:50:34: Added resource location 'C:/msys64/mingw64/Media/materials/textures/SSAO' of type 'FileSystem' to resource group 'Popular'
22:50:34: Added resource location 'C:/msys64/mingw64/Media/volumeTerrain' of type 'FileSystem' to resource group 'Popular'
22:50:34: Added resource location 'C:/msys64/mingw64/media/materials/programs/HLSL_Cg' of type 'FileSystem' to resource group 'Popular'
22:50:34: Added resource location 'C:/msys64/mingw64/media/materials/programs/GLSL' of type 'FileSystem' to resource group 'Popular'
22:50:34: Added resource location 'C:/msys64/mingw64/media/RTShaderLib' of type 'FileSystem' to resource group 'Popular'
22:50:34: Added resource location 'C:/msys64/mingw64/media/RTShaderLib/GLSL' of type 'FileSystem' to resource group 'Popular'
22:50:34: Added resource location 'C:/msys64/mingw64/media/RTShaderLib/materials' of type 'FileSystem' to resource group 'Popular'
22:50:34: Added resource location './resources/media/ogg' of type 'FileSystem' to resource group 'Popular'
22:50:34: Added resource location 'C:/msys64/mingw64/Media/packs/cubemap.zip' of type 'Zip' to resource group 'Popular'
22:50:34: Added resource location 'C:/msys64/mingw64/Media/packs/cubemapsJS.zip' of type 'Zip' to resource group 'Popular'
22:50:34: Added resource location 'C:/msys64/mingw64/Media/packs/dragon.zip' of type 'Zip' to resource group 'Popular'
22:50:34: Added resource location 'C:/msys64/mingw64/Media/packs/fresneldemo.zip' of type 'Zip' to resource group 'Popular'
22:50:34: Added resource location 'C:/msys64/mingw64/Media/packs/ogretestmap.zip' of type 'Zip' to resource group 'Popular'
22:50:34: Added resource location 'C:/msys64/mingw64/Media/packs/ogredance.zip' of type 'Zip' to resource group 'Popular'
22:50:34: Added resource location 'C:/msys64/mingw64/Media/packs/Sinbad.zip' of type 'Zip' to resource group 'Popular'
22:50:34: Added resource location 'C:/msys64/mingw64/Media/packs/skybox.zip' of type 'Zip' to resource group 'Popular'
22:50:34: Added resource location 'C:/msys64/mingw64/Media/volumeTerrain/volumeTerrainBig.zip' of type 'Zip' to resource group 'Popular'
22:50:34: Creating resource group fonts
22:50:34: Added resource location './resources/layouts/fonts' of type 'FileSystem' to resource group 'fonts'
22:50:34: Creating resource group imagesets
22:50:34: Added resource location './resources/layouts/imagesets' of type 'FileSystem' to resource group 'imagesets'
22:50:34: Creating resource group layouts
22:50:34: Added resource location './resources/layouts/layouts' of type 'FileSystem' to resource group 'layouts'
22:50:34: Creating resource group lookNFeel
22:50:34: Added resource location './resources/layouts/looknfeel' of type 'FileSystem' to resource group 'lookNFeel'
22:50:34: Creating resource group looknfeels
22:50:34: Added resource location './resources/layouts/looknfeel' of type 'FileSystem' to resource group 'looknfeels'
22:50:34: Creating resource group schemes
22:50:34: Added resource location './resources/layouts/schemes' of type 'FileSystem' to resource group 'schemes'
22:50:34: Creating resource group videos
22:50:34: Added resource location './media/ogg' of type 'FileSystem' to resource group 'videos'
22:50:38: *** ---  showConfigDialog --- ***
22:50:38: CPU Identifier & Features
22:50:38: -------------------------
22:50:38:  *   CPU ID: GenuineIntel: Intel(R) Core(TM) i5-3210M CPU @ 2.50GHz
22:50:38:  *      SSE: yes
22:50:38:  *     SSE2: yes
22:50:38:  *     SSE3: yes
22:50:38:  *      MMX: yes
22:50:38:  *   MMXEXT: yes
22:50:38:  *    3DNOW: no
22:50:38:  * 3DNOWEXT: no
22:50:38:  *     CMOV: yes
22:50:38:  *      TSC: yes
22:50:38:  *      FPU: yes
22:50:38:  *      PRO: yes
22:50:38:  *       HT: no
22:50:38: -------------------------
22:50:38: *** Starting Win32GL Subsystem ***
22:50:38: Registering ResourceManager for type Texture
22:50:38: GLRenderSystem::_createRenderWindow "OGRE Render Window", 800x600 windowed  miscParams: FSAA=0 FSAAHint= colourDepth=32 displayFrequency=0 gamma=false vsync=false vsyncInterval=1 
22:50:38: Created Win32Window 'OGRE Render Window' : 816x639, 32bpp
22:50:38: GL_VERSION = 4.0.0 - Build 10.18.10.4252
22:50:38: GL_VENDOR = Intel
22:50:38: GL_RENDERER = Intel(R) HD Graphics 4000
22:50:38: GL_EXTENSIONS = GL_EXT_blend_minmax GL_EXT_blend_subtract GL_EXT_blend_color GL_EXT_abgr GL_EXT_texture3D GL_EXT_clip_volume_hint GL_EXT_compiled_vertex_array GL_SGIS_texture_edge_clamp GL_SGIS_generate_mipmap GL_EXT_draw_range_elements GL_SGIS_texture_lod GL_EXT_rescale_normal GL_EXT_packed_pixels GL_EXT_texture_edge_clamp GL_EXT_separate_specular_color GL_ARB_multitexture GL_ARB_map_buffer_alignment GL_ARB_conservative_depth GL_EXT_texture_env_combine GL_EXT_bgra GL_EXT_blend_func_separate GL_EXT_secondary_color GL_EXT_fog_coord GL_EXT_texture_env_add GL_ARB_texture_cube_map GL_ARB_transpose_matrix GL_ARB_internalformat_query GL_ARB_internalformat_query2 GL_ARB_texture_env_add GL_IBM_texture_mirrored_repeat GL_EXT_multi_draw_arrays GL_SUN_multi_draw_arrays GL_NV_blend_square GL_ARB_texture_compression GL_3DFX_texture_compression_FXT1 GL_EXT_texture_filter_anisotropic GL_ARB_texture_border_clamp GL_ARB_point_parameters GL_ARB_texture_env_combine GL_ARB_texture_env_dot3 GL_ARB_texture_env_crossbar GL_EXT_texture_compression_s3tc GL_ARB_shadow GL_ARB_window_pos GL_EXT_shadow_funcs GL_EXT_stencil_wrap GL_ARB_vertex_program GL_EXT_texture_rectangle GL_ARB_fragment_program GL_EXT_stencil_two_side GL_ATI_separate_stencil GL_ARB_vertex_buffer_object GL_EXT_texture_lod_bias GL_ARB_occlusion_query GL_ARB_fragment_shader GL_ARB_shader_objects GL_ARB_shading_language_100 GL_ARB_texture_non_power_of_two GL_ARB_vertex_shader GL_NV_texgen_reflection GL_ARB_point_sprite GL_ARB_fragment_program_shadow GL_EXT_blend_equation_separate GL_ARB_depth_texture GL_ARB_texture_rectangle GL_ARB_draw_buffers GL_ARB_color_buffer_float GL_ARB_half_float_pixel GL_ARB_texture_float GL_ARB_pixel_buffer_object GL_EXT_framebuffer_object GL_ARB_draw_instanced GL_ARB_half_float_vertex GL_ARB_occlusion_query2 GL_EXT_draw_buffers2 GL_WIN_swap_hint GL_EXT_texture_sRGB GL_ARB_multisample GL_EXT_packed_float GL_EXT_texture_shared_exponent GL_ARB_texture_rg GL_ARB_texture_compression_rgtc GL_NV_conditional_render GL_ARB_texture_swizzle GL_EXT_texture_swizzle GL_ARB_texture_gather GL_ARB_sync GL_ARB_framebuffer_sRGB GL_EXT_packed_depth_stencil GL_ARB_depth_buffer_float GL_EXT_transform_feedback GL_ARB_transform_feedback2 GL_ARB_draw_indirect GL_EXT_framebuffer_blit GL_EXT_framebuffer_multisample GL_ARB_framebuffer_object GL_ARB_framebuffer_no_attachments GL_EXT_texture_array GL_EXT_texture_integer GL_ARB_map_buffer_range GL_ARB_texture_buffer_range GL_EXT_texture_buffer GL_EXT_texture_snorm GL_ARB_blend_func_extended GL_INTEL_performance_queries GL_INTEL_performance_query GL_ARB_copy_buffer GL_ARB_sampler_objects GL_NV_primitive_restart GL_ARB_seamless_cube_map GL_ARB_uniform_buffer_object GL_ARB_depth_clamp GL_ARB_vertex_array_bgra GL_ARB_shader_bit_encoding GL_ARB_draw_buffers_blend GL_ARB_geometry_shader4 GL_EXT_geometry_shader4 GL_ARB_texture_query_lod GL_ARB_explicit_attrib_location GL_ARB_draw_elements_base_vertex GL_ARB_instanced_arrays GL_ARB_base_instance GL_ARB_fragment_coord_conventions GL_EXT_gpu_program_parameters GL_ARB_texture_buffer_object_rgb32 GL_ARB_compatibility GL_ARB_texture_rgb10_a2ui GL_ARB_texture_multisample GL_ARB_vertex_type_2_10_10_10_rev GL_ARB_timer_query GL_ARB_tessellation_shader GL_ARB_vertex_array_object GL_ARB_provoking_vertex GL_ARB_sample_shading GL_ARB_texture_cube_map_array GL_EXT_gpu_shader4 GL_ARB_gpu_shader5 GL_ARB_gpu_shader_fp64 GL_ARB_shader_subroutine GL_ARB_transform_feedback3 GL_ARB_get_program_binary GL_ARB_separate_shader_objects GL_ARB_shader_precision GL_ARB_vertex_attrib_64bit GL_ARB_viewport_array GL_ARB_transform_feedback_instanced GL_ARB_compressed_texture_pixel_storage GL_ARB_shader_atomic_counters GL_ARB_shading_language_packing GL_ARB_shading_language_420pack GL_ARB_texture_storage GL_EXT_texture_storage GL_ARB_vertex_attrib_binding GL_ARB_multi_draw_indirect GL_ARB_program_interface_query GL_ARB_texture_storage_multisample GL_ARB_buffer_storage GL_ARB_debug_output GL_KHR_debug GL_ARB_arrays_of_arrays GL_INTEL_map_texture GL_ARB_texture_compression_bptc GL_ARB_ES2_compatibility GL_ARB_ES3_compatibility GL_ARB_robustness GL_EXT_texture_sRGB_decode GL_KHR_blend_equation_advanced GL_EXT_shader_integer_mix GL_ARB_stencil_texturing 
22:50:38: Supported WGL extensions: WGL_EXT_depth_float WGL_ARB_buffer_region WGL_ARB_extensions_string WGL_ARB_make_current_read WGL_ARB_pixel_format WGL_ARB_pbuffer WGL_EXT_extensions_string WGL_EXT_swap_control WGL_EXT_swap_control_tear WGL_ARB_multisample WGL_ARB_pixel_format_float WGL_ARB_framebuffer_sRGB WGL_ARB_create_context WGL_ARB_create_context_profile WGL_EXT_pixel_format_packed_float WGL_EXT_create_context_es_profile WGL_EXT_create_context_es2_profile WGL_NV_DX_interop WGL_ARB_create_context_robustness 
22:50:38: ***************************
22:50:38: *** GL Renderer Started ***
22:50:38: ***************************
22:50:38: Registering ResourceManager for type GpuProgram
22:50:38: GLSL support detected
22:50:38: GL: Using GL_EXT_framebuffer_object for rendering to textures (best)
22:50:38: FBO PF_UNKNOWN depth/stencil support: D0S1 D0S4 D0S8 D0S16 D16S0 D16S1 D16S4 D16S8 D16S16 D24S0 D24S1 D24S4 D24S8 D24S16 D32S0 D32S1 D32S4 D32S8 D32S16 Packed-D24S8 
22:50:38: FBO PF_A8 depth/stencil support: D0S0 D0S1 D0S4 D0S8 D0S16 D16S0 D16S1 D16S4 D16S8 D16S16 D24S0 D24S1 D24S4 D24S8 D24S16 D32S0 D32S1 D32S4 D32S8 D32S16 Packed-D24S8 
22:50:38: FBO PF_R5G6B5 depth/stencil support: D0S0 D0S1 D0S4 D0S8 D0S16 D16S0 D16S1 D16S4 D16S8 D16S16 D24S0 D24S1 D24S4 D24S8 D24S16 D32S0 D32S1 D32S4 D32S8 D32S16 Packed-D24S8 
22:50:38: FBO PF_B5G6R5 depth/stencil support: D0S0 D0S1 D0S4 D0S8 D0S16 D16S0 D16S1 D16S4 D16S8 D16S16 D24S0 D24S1 D24S4 D24S8 D24S16 D32S0 D32S1 D32S4 D32S8 D32S16 Packed-D24S8 
22:50:38: FBO PF_A4R4G4B4 depth/stencil support: D0S0 D0S1 D0S4 D0S8 D0S16 D16S0 D16S1 D16S4 D16S8 D16S16 D24S0 D24S1 D24S4 D24S8 D24S16 D32S0 D32S1 D32S4 D32S8 D32S16 Packed-D24S8 
22:50:38: FBO PF_A1R5G5B5 depth/stencil support: D0S0 D0S1 D0S4 D0S8 D0S16 D16S0 D16S1 D16S4 D16S8 D16S16 D24S0 D24S1 D24S4 D24S8 D24S16 D32S0 D32S1 D32S4 D32S8 D32S16 Packed-D24S8 
22:50:38: FBO PF_R8G8B8 depth/stencil support: D0S0 D0S1 D0S4 D0S8 D0S16 D16S0 D16S1 D16S4 D16S8 D16S16 D24S0 D24S1 D24S4 D24S8 D24S16 D32S0 D32S1 D32S4 D32S8 D32S16 Packed-D24S8 
22:50:38: FBO PF_B8G8R8 depth/stencil support: D0S0 D0S1 D0S4 D0S8 D0S16 D16S0 D16S1 D16S4 D16S8 D16S16 D24S0 D24S1 D24S4 D24S8 D24S16 D32S0 D32S1 D32S4 D32S8 D32S16 Packed-D24S8 
22:50:38: FBO PF_A8R8G8B8 depth/stencil support: D0S0 D0S1 D0S4 D0S8 D0S16 D16S0 D16S1 D16S4 D16S8 D16S16 D24S0 D24S1 D24S4 D24S8 D24S16 D32S0 D32S1 D32S4 D32S8 D32S16 Packed-D24S8 
22:50:38: FBO PF_B8G8R8A8 depth/stencil support: D0S0 D0S1 D0S4 D0S8 D0S16 D16S0 D16S1 D16S4 D16S8 D16S16 D24S0 D24S1 D24S4 D24S8 D24S16 D32S0 D32S1 D32S4 D32S8 D32S16 Packed-D24S8 
22:50:38: FBO PF_A2R10G10B10 depth/stencil support: D0S0 D0S1 D0S4 D0S8 D0S16 D16S0 D16S1 D16S4 D16S8 D16S16 D24S0 D24S1 D24S4 D24S8 D24S16 D32S0 D32S1 D32S4 D32S8 D32S16 Packed-D24S8 
22:50:38: FBO PF_A2B10G10R10 depth/stencil support: D0S0 D0S1 D0S4 D0S8 D0S16 D16S0 D16S1 D16S4 D16S8 D16S16 D24S0 D24S1 D24S4 D24S8 D24S16 D32S0 D32S1 D32S4 D32S8 D32S16 Packed-D24S8 
22:50:38: FBO PF_FLOAT16_RGB depth/stencil support: D0S0 D0S1 D0S4 D0S8 D0S16 D16S0 D16S1 D16S4 D16S8 D16S16 D24S0 D24S1 D24S4 D24S8 D24S16 D32S0 D32S1 D32S4 D32S8 D32S16 Packed-D24S8 
22:50:38: FBO PF_FLOAT16_RGBA depth/stencil support: D0S0 D0S1 D0S4 D0S8 D0S16 D16S0 D16S1 D16S4 D16S8 D16S16 D24S0 D24S1 D24S4 D24S8 D24S16 D32S0 D32S1 D32S4 D32S8 D32S16 Packed-D24S8 
22:50:38: FBO PF_FLOAT32_RGB depth/stencil support: D0S0 D0S1 D0S4 D0S8 D0S16 D16S0 D16S1 D16S4 D16S8 D16S16 D24S0 D24S1 D24S4 D24S8 D24S16 D32S0 D32S1 D32S4 D32S8 D32S16 Packed-D24S8 
22:50:38: FBO PF_FLOAT32_RGBA depth/stencil support: D0S0 D0S1 D0S4 D0S8 D0S16 D16S0 D16S1 D16S4 D16S8 D16S16 D24S0 D24S1 D24S4 D24S8 D24S16 D32S0 D32S1 D32S4 D32S8 D32S16 Packed-D24S8 
22:50:38: FBO PF_X8R8G8B8 depth/stencil support: D0S0 D0S1 D0S4 D0S8 D0S16 D16S0 D16S1 D16S4 D16S8 D16S16 D24S0 D24S1 D24S4 D24S8 D24S16 D32S0 D32S1 D32S4 D32S8 D32S16 Packed-D24S8 
22:50:38: FBO PF_X8B8G8R8 depth/stencil support: D0S0 D0S1 D0S4 D0S8 D0S16 D16S0 D16S1 D16S4 D16S8 D16S16 D24S0 D24S1 D24S4 D24S8 D24S16 D32S0 D32S1 D32S4 D32S8 D32S16 Packed-D24S8 
22:50:38: FBO PF_SHORT_RGBA depth/stencil support: D0S0 D0S1 D0S4 D0S8 D0S16 D16S0 D16S1 D16S4 D16S8 D16S16 D24S0 D24S1 D24S4 D24S8 D24S16 D32S0 D32S1 D32S4 D32S8 D32S16 Packed-D24S8 
22:50:38: FBO PF_R3G3B2 depth/stencil support: D0S0 D0S1 D0S4 D0S8 D0S16 D16S0 D16S1 D16S4 D16S8 D16S16 D24S0 D24S1 D24S4 D24S8 D24S16 D32S0 D32S1 D32S4 D32S8 D32S16 Packed-D24S8 
22:50:38: FBO PF_SHORT_RGB depth/stencil support: D0S0 D0S1 D0S4 D0S8 D0S16 D16S0 D16S1 D16S4 D16S8 D16S16 D24S0 D24S1 D24S4 D24S8 D24S16 D32S0 D32S1 D32S4 D32S8 D32S16 Packed-D24S8 
22:50:38: [GL] : Valid FBO targets PF_UNKNOWN PF_A8 PF_R5G6B5 PF_B5G6R5 PF_A4R4G4B4 PF_A1R5G5B5 PF_R8G8B8 PF_B8G8R8 PF_A8R8G8B8 PF_B8G8R8A8 PF_A2R10G10B10 PF_A2B10G10R10 PF_FLOAT16_RGB PF_FLOAT16_RGBA PF_FLOAT32_RGB PF_FLOAT32_RGBA PF_X8R8G8B8 PF_X8B8G8R8 PF_SHORT_RGBA PF_R3G3B2 PF_SHORT_RGB 
22:50:38: RenderSystem capabilities
22:50:38: -------------------------
22:50:38: RenderSystem Name: OpenGL Rendering Subsystem
22:50:38: GPU Vendor: intel
22:50:38: Device Name: Intel(R) HD Graphics 4000
22:50:38: Driver Version: 4.0.0.0
22:50:38:  * Fixed function pipeline: yes
22:50:38:  * Hardware generation of mipmaps: no
22:50:38:  * Texture blending: yes
22:50:38:  * Anisotropic texture filtering: yes
22:50:38:  * Dot product texture operation: yes
22:50:38:  * Cube mapping: yes
22:50:38:  * Hardware stencil buffer: yes
22:50:38:    - Stencil depth: 8
22:50:38:    - Two sided stencil support: yes
22:50:38:    - Wrap stencil values: yes
22:50:38:  * Hardware vertex / index buffers: yes
22:50:38:  * 32-bit index buffers: yes
22:50:38:  * Vertex programs: yes
22:50:38:  * Number of floating-point constants for vertex programs: 256
22:50:38:  * Number of integer constants for vertex programs: 0
22:50:38:  * Number of boolean constants for vertex programs: 0
22:50:38:  * Fragment programs: yes
22:50:38:  * Number of floating-point constants for fragment programs: 256
22:50:38:  * Number of integer constants for fragment programs: 0
22:50:38:  * Number of boolean constants for fragment programs: 0
22:50:38:  * Geometry programs: yes
22:50:38:  * Number of floating-point constants for geometry programs: 4096
22:50:38:  * Number of integer constants for geometry programs: 0
22:50:38:  * Number of boolean constants for geometry programs: 0
22:50:38:  * Tesselation Hull programs: no
22:50:38:  * Number of floating-point constants for tesselation hull programs: 0
22:50:38:  * Number of integer constants for tesselation hull programs: 0
22:50:38:  * Number of boolean constants for tesselation hull programs: 0
22:50:38:  * Tesselation Domain programs: no
22:50:38:  * Number of floating-point constants for tesselation domain programs: 0
22:50:38:  * Number of integer constants for tesselation domain programs: 35112
22:50:38:  * Number of boolean constants for tesselation domain programs: 740
22:50:38:  * Compute programs: no
22:50:38:  * Number of floating-point constants for compute programs: 0
22:50:38:  * Number of integer constants for compute programs: 0
22:50:38:  * Number of boolean constants for compute programs: 4
22:50:38:  * Supported Shader Profiles: arbfp1 arbvp1 glsl glsl100 glsl110 glsl120 gp4gp gpu_gp nvgp4
22:50:38:  * Texture Compression: yes
22:50:38:    - DXT: yes
22:50:38:    - VTC: no
22:50:38:    - PVRTC: no
22:50:38:    - ATC: no
22:50:38:    - ETC1: no
22:50:38:    - ETC2: no
22:50:38:    - BC4/BC5: no
22:50:38:    - BC6H/BC7: no
22:50:38:  * Scissor Rectangle: yes
22:50:38:  * Hardware Occlusion Query: yes
22:50:38:  * User clip planes: yes
22:50:38:  * VET_UBYTE4 vertex element type: yes
22:50:38:  * Infinite far plane projection: yes
22:50:38:  * Hardware render-to-texture: yes
22:50:38:  * Floating point textures: yes
22:50:38:  * Non-power-of-two textures: yes
22:50:38:  * 1d textures: yes
22:50:38:  * Volume textures: yes
22:50:38:  * Multiple Render Targets: 8
22:50:38:    - With different bit depths: yes
22:50:38:  * Point Sprites: yes
22:50:38:  * Extended point parameters: yes
22:50:38:  * Max Point Size: 255
22:50:38:  * Vertex texture fetch: yes
22:50:38:  * Number of world matrices: 0
22:50:38:  * Number of texture units: 16
22:50:38:  * Stencil buffer depth: 8
22:50:38:  * Number of vertex blend matrices: 0
22:50:38:    - Max vertex textures: 16
22:50:38:    - Vertex textures shared: yes
22:50:38:  * Render to Vertex Buffer : no
22:50:38:  * Hardware Atomic Counters: no
22:50:38:  * GL 1.5 without VBO workaround: no
22:50:38:  * Frame Buffer objects: yes
22:50:38:  * Frame Buffer objects (ARB extension): no
22:50:38:  * Frame Buffer objects (ATI extension): no
22:50:38:  * PBuffer support: yes
22:50:38:  * GL 1.5 without HW-occlusion workaround: no
22:50:38:  * Vertex Array Objects: no
22:50:38:  * Separate shader objects: no
22:50:38: DefaultWorkQueue('Root') initialising on thread 1940.
22:50:38: Particle Renderer Type 'billboard' registered
22:50:38: DefaultWorkQueue('Root')::WorkerFunc - thread 1154 starting.
22:50:38: DefaultWorkQueue('Root')::WorkerFunc - thread 1304 starting.
22:50:38: DefaultWorkQueue('Root')::WorkerFunc - thread 530 starting.
22:50:38: DefaultWorkQueue('Root')::WorkerFunc - thread edc starting.
22:50:38: SceneManagerFactory for type 'BspSceneManager' registered.
22:50:38: Registering ResourceManager for type BspLevel
22:50:38: SceneManagerFactory for type 'PCZSceneManager' registered.
22:50:38: MovableObjectFactory for type 'PCZLight' registered.
22:50:38: MovableObjectFactory for type 'Portal' registered.
22:50:38: MovableObjectFactory for type 'AntiPortal' registered.
22:50:38: PCZone Factory Type 'ZoneType_Octree' registered
22:50:38: SceneManagerFactory for type 'OctreeSceneManager' registered.
22:50:38: *** ---  mRoot->initialise --- ***
22:50:38: *** ---  GBaseClass::init --- ***
22:50:38: *** ---  GBaseClass::init2 --- ***
22:50:38: *** ---  GBaseClass::init3 --- ***
22:50:38: Parsing scripts for resource group Autodetect
22:50:38: Finished parsing scripts for resource group Autodetect
22:50:38: Creating resources for group Autodetect
22:50:38: All done
22:50:38: Parsing scripts for resource group Essential
22:50:38: Parsing script SdkTrays.material
22:50:38: Parsing script OgreProfiler.material
22:50:38: Finished parsing scripts for resource group Essential
22:50:38: Creating resources for group Essential
22:50:38: All done
22:50:38: Parsing scripts for resource group General
22:50:38: Parsing script Base.material
22:50:38: Parsing script Cube.material
22:50:38: Parsing script HalfCube.material
22:50:38: Parsing script Ramp.material
22:50:38: Parsing script Stair.material
22:50:38: Parsing script Wall.material
22:50:38: Finished parsing scripts for resource group General
22:50:38: Creating resources for group General
22:50:38: All done
22:50:38: Parsing scripts for resource group Internal
22:50:38: Finished parsing scripts for resource group Internal
22:50:38: Creating resources for group Internal
22:50:38: All done
22:50:38: Parsing scripts for resource group Popular
22:50:38: Parsing script DualQuaternion.program
22:50:38: OGRE EXCEPTION(7:InternalErrorException): Unable to compile Cg program Ogre/DualQuaternionHardwareSkinningTwoWeightsTwoPhaseCg: The compile returned an error.
DualQuaternion.cg(90) : warning C7019: "blendWgt" is too large for semantic "BLENDWEIGHT", which is size 1
(0) : error C6007: Constant register limit exceeded; more than 96 constant registers needed to compiled program
(0) : error C6007: Constant register limit exceeded; more than 96 constant registers needed to compiled program
(0) : error C6007: Constant register limit exceeded; more than 96 constant registers needed to compiled program
(0) : error C6007: Constant register limit exceeded; more than 96 constant registers needed to compiled program
(0) : error C6007: Constant register limit exceeded; more than 96 constant registers needed to compiled program
(0) : error C6007: Constant register limit exceeded; more than 96 constant registers needed to compiled program
(0) : error C6007: Constant register limit exceeded; more than 96 constant registers needed to compiled program
(0) : error C6007: Constant register limit exceeded; more than 96 constant registers needed to compiled program
 in CgProgram::compileMicrocode at ..\..\..\PlugIns\CgProgramManager\src\OgreCgProgramManagerDll.cpp (line 67)
22:50:38: High-level program Ogre/DualQuaternionHardwareSkinningTwoWeightsTwoPhaseCg encountered an error during loading and is thus not supported.
OGRE EXCEPTION(7:InternalErrorException): Unable to compile Cg program Ogre/DualQuaternionHardwareSkinningTwoWeightsTwoPhaseCg: The compile returned an error.
DualQuaternion.cg(90) : warning C7019: "blendWgt" is too large for semantic "BLENDWEIGHT", which is size 1
(0) : error C6007: Constant register limit exceeded; more than 96 constant registers needed to compiled program
(0) : error C6007: Constant register limit exceeded; more than 96 constant registers needed to compiled program
(0) : error C6007: Constant register limit exceeded; more than 96 constant registers needed to compiled program
(0) : error C6007: Constant register limit exceeded; more than 96 constant registers needed to compiled program
(0) : error C6007: Constant register limit exceeded; more than 96 constant registers needed to compiled program
(0) : error C6007: Constant register limit exceeded; more than 96 constant registers needed to compiled program
(0) : error C6007: Constant register limit exceeded; more than 96 constant registers needed to compiled program
(0) : error C6007: Constant register limit exceeded; more than 96 constant registers needed to compiled program
 in CgProgram::compileMicrocode at ..\..\..\PlugIns\CgProgramManager\src\OgreCgProgramManagerDll.cpp (line 67)
22:50:38: OGRE EXCEPTION(2:InvalidParametersException): Named constants have not been initialised, perhaps a compile error. in GpuProgramParameters::_findNamedConstantDefinition at ..\..\OgreMain\src\OgreGpuProgramParams.cpp (line 1709)
22:50:38: Compiler error: invalid parameters in DualQuaternion.program(28): setting of constant failed
22:50:38: Parsing script Examples.program
22:50:38: Parsing script Instancing.program
22:50:38: Parsing script StdQuad_vp.program
22:50:38: OGRE EXCEPTION(6:FileNotFoundException): Cannot locate resource StdQuad_vp.cg in resource group Popular or any other group. in ResourceGroupManager::openResource at ..\..\OgreMain\src\OgreResourceGroupManager.cpp (line 756)
22:50:38: High-level program Ogre/Compositor/StdQuad_Cg_vp encountered an error during loading and is thus not supported.
OGRE EXCEPTION(6:FileNotFoundException): Cannot locate resource StdQuad_vp.cg in resource group Popular or any other group. in ResourceGroupManager::openResource at ..\..\OgreMain\src\OgreResourceGroupManager.cpp (line 756)
22:50:38: OGRE EXCEPTION(2:InvalidParametersException): Named constants have not been initialised, perhaps a compile error. in GpuProgramParameters::_findNamedConstantDefinition at ..\..\OgreMain\src\OgreGpuProgramParams.cpp (line 1709)
22:50:38: Compiler error: invalid parameters in StdQuad_vp.program(9): setting of constant failed
22:50:38: OGRE EXCEPTION(6:FileNotFoundException): Cannot locate resource StdQuad_vp.cg in resource group Popular or any other group. in ResourceGroupManager::openResource at ..\..\OgreMain\src\OgreResourceGroupManager.cpp (line 756)
22:50:38: High-level program Ogre/Compositor/StdQuad_Tex2_Cg_vp encountered an error during loading and is thus not supported.
OGRE EXCEPTION(6:FileNotFoundException): Cannot locate resource StdQuad_vp.cg in resource group Popular or any other group. in ResourceGroupManager::openResource at ..\..\OgreMain\src\OgreResourceGroupManager.cpp (line 756)
22:50:38: OGRE EXCEPTION(2:InvalidParametersException): Named constants have not been initialised, perhaps a compile error. in GpuProgramParameters::_findNamedConstantDefinition at ..\..\OgreMain\src\OgreGpuProgramParams.cpp (line 1709)
22:50:38: Compiler error: invalid parameters in StdQuad_vp.program(21): setting of constant failed
22:50:38: OGRE EXCEPTION(6:FileNotFoundException): Cannot locate resource StdQuad_vp.cg in resource group Popular or any other group. in ResourceGroupManager::openResource at ..\..\OgreMain\src\OgreResourceGroupManager.cpp (line 756)
22:50:38: High-level program Ogre/Compositor/StdQuad_Tex2a_Cg_vp encountered an error during loading and is thus not supported.
OGRE EXCEPTION(6:FileNotFoundException): Cannot locate resource StdQuad_vp.cg in resource group Popular or any other group. in ResourceGroupManager::openResource at ..\..\OgreMain\src\OgreResourceGroupManager.cpp (line 756)
22:50:38: OGRE EXCEPTION(2:InvalidParametersException): Named constants have not been initialised, perhaps a compile error. in GpuProgramParameters::_findNamedConstantDefinition at ..\..\OgreMain\src\OgreGpuProgramParams.cpp (line 1709)
22:50:38: Compiler error: invalid parameters in StdQuad_vp.program(33): setting of constant failed
22:50:38: OGRE EXCEPTION(6:FileNotFoundException): Cannot locate resource StdQuad_vp.cg in resource group Popular or any other group. in ResourceGroupManager::openResource at ..\..\OgreMain\src\OgreResourceGroupManager.cpp (line 756)
22:50:38: High-level program Ogre/Compositor/StdQuad_Tex3_Cg_vp encountered an error during loading and is thus not supported.
OGRE EXCEPTION(6:FileNotFoundException): Cannot locate resource StdQuad_vp.cg in resource group Popular or any other group. in ResourceGroupManager::openResource at ..\..\OgreMain\src\OgreResourceGroupManager.cpp (line 756)
22:50:38: OGRE EXCEPTION(2:InvalidParametersException): Named constants have not been initialised, perhaps a compile error. in GpuProgramParameters::_findNamedConstantDefinition at ..\..\OgreMain\src\OgreGpuProgramParams.cpp (line 1709)
22:50:38: Compiler error: invalid parameters in StdQuad_vp.program(45): setting of constant failed
22:50:38: OGRE EXCEPTION(6:FileNotFoundException): Cannot locate resource StdQuad_vp.cg in resource group Popular or any other group. in ResourceGroupManager::openResource at ..\..\OgreMain\src\OgreResourceGroupManager.cpp (line 756)
22:50:38: High-level program Ogre/Compositor/StdQuad_Tex4_Cg_vp encountered an error during loading and is thus not supported.
OGRE EXCEPTION(6:FileNotFoundException): Cannot locate resource StdQuad_vp.cg in resource group Popular or any other group. in ResourceGroupManager::openResource at ..\..\OgreMain\src\OgreResourceGroupManager.cpp (line 756)
22:50:38: OGRE EXCEPTION(2:InvalidParametersException): Named constants have not been initialised, perhaps a compile error. in GpuProgramParameters::_findNamedConstantDefinition at ..\..\OgreMain\src\OgreGpuProgramParams.cpp (line 1709)
22:50:38: Compiler error: invalid parameters in StdQuad_vp.program(57): setting of constant failed
22:50:38: Parsing script deferred_post.program
22:50:38: Parsing script ShadowCaster.program
22:50:38: Parsing script GBuffer.program
22:50:38: Parsing script triplanarReference.program
22:50:39: Parsing script AdaptivePNTrianglesTessellation.material
22:50:39: Parsing script ASCII.material
22:50:39: OGRE EXCEPTION(6:FileNotFoundException): Cannot locate resource ASCIIFP.cg in resource group Popular or any other group. in ResourceGroupManager::openResource at ..\..\OgreMain\src\OgreResourceGroupManager.cpp (line 756)
22:50:39: High-level program Ogre/Compositor/ASCIIFPCg encountered an error during loading and is thus not supported.
OGRE EXCEPTION(6:FileNotFoundException): Cannot locate resource ASCIIFP.cg in resource group Popular or any other group. in ResourceGroupManager::openResource at ..\..\OgreMain\src\OgreResourceGroupManager.cpp (line 756)
22:50:39: OGRE EXCEPTION(2:InvalidParametersException): Named constants have not been initialised, perhaps a compile error. in GpuProgramParameters::_findNamedConstantDefinition at ..\..\OgreMain\src\OgreGpuProgramParams.cpp (line 1709)
22:50:39: Compiler error: invalid parameters in ASCII.material(9): setting of constant failed
22:50:39: OGRE EXCEPTION(2:InvalidParametersException): Named constants have not been initialised, perhaps a compile error. in GpuProgramParameters::_findNamedConstantDefinition at ..\..\OgreMain\src\OgreGpuProgramParams.cpp (line 1709)
22:50:39: Compiler error: invalid parameters in ASCII.material(10): setting of constant failed
22:50:39: OGRE EXCEPTION(2:InvalidParametersException): Named constants have not been initialised, perhaps a compile error. in GpuProgramParameters::_findNamedConstantDefinition at ..\..\OgreMain\src\OgreGpuProgramParams.cpp (line 1709)
22:50:39: Compiler error: invalid parameters in ASCII.material(11): setting of constant failed
22:50:39: OGRE EXCEPTION(2:InvalidParametersException): Named constants have not been initialised, perhaps a compile error. in GpuProgramParameters::_findNamedConstantDefinition at ..\..\OgreMain\src\OgreGpuProgramParams.cpp (line 1709)
22:50:39: Compiler error: invalid parameters in ASCII.material(12): setting of constant failed
22:50:39: OGRE EXCEPTION(2:InvalidParametersException): Named constants have not been initialised, perhaps a compile error. in GpuProgramParameters::_findNamedConstantDefinition at ..\..\OgreMain\src\OgreGpuProgramParams.cpp (line 1709)
22:50:39: Compiler error: invalid parameters in ASCII.material(13): setting of constant failed
22:50:39: Parsing script ASMSwizzle.material
22:50:39: Parsing script BlackAndWhite.material
22:50:39: OGRE EXCEPTION(6:FileNotFoundException): Cannot locate resource GrayScale.cg in resource group Popular or any other group. in ResourceGroupManager::openResource at ..\..\OgreMain\src\OgreResourceGroupManager.cpp (line 756)
22:50:39: High-level program Ogre/Compositor/B&W_Cg_FP encountered an error during loading and is thus not supported.
OGRE EXCEPTION(6:FileNotFoundException): Cannot locate resource GrayScale.cg in resource group Popular or any other group. in ResourceGroupManager::openResource at ..\..\OgreMain\src\OgreResourceGroupManager.cpp (line 756)
22:50:39: Parsing script Bloom.material
22:50:39: Parsing script Bloom2.material
22:50:39: Parsing script CGSwizzle.material
22:50:39: OGRE EXCEPTION(6:FileNotFoundException): Cannot locate resource SwizzleGP.cg in resource group Popular or any other group. in ResourceGroupManager::openResource at ..\..\OgreMain\src\OgreResourceGroupManager.cpp (line 756)
22:50:39: High-level program Ogre/GPTest/Swizzle_GP_CG encountered an error during loading and is thus not supported.
OGRE EXCEPTION(6:FileNotFoundException): Cannot locate resource SwizzleGP.cg in resource group Popular or any other group. in ResourceGroupManager::openResource at ..\..\OgreMain\src\OgreResourceGroupManager.cpp (line 756)
22:50:39: Parsing script CompositorDemo.material
22:50:39: Parsing script DepthShadowmap.material
22:50:39: Parsing script Dither.material
22:50:39: OGRE EXCEPTION(6:FileNotFoundException): Cannot locate resource DitherFP.cg in resource group Popular or any other group. in ResourceGroupManager::openResource at ..\..\OgreMain\src\OgreResourceGroupManager.cpp (line 756)
22:50:39: High-level program Ogre/Compositor/Dither_Cg_FP encountered an error during loading and is thus not supported.
OGRE EXCEPTION(6:FileNotFoundException): Cannot locate resource DitherFP.cg in resource group Popular or any other group. in ResourceGroupManager::openResource at ..\..\OgreMain\src\OgreResourceGroupManager.cpp (line 756)
22:50:39: Parsing script DOF.material
22:50:39: OGRE EXCEPTION(6:FileNotFoundException): Cannot locate resource DOF_ps.cg in resource group Popular or any other group. in ResourceGroupManager::openResource at ..\..\OgreMain\src\OgreResourceGroupManager.cpp (line 756)
22:50:39: High-level program DOF_Blur_ps encountered an error during loading and is thus not supported.
OGRE EXCEPTION(6:FileNotFoundException): Cannot locate resource DOF_ps.cg in resource group Popular or any other group. in ResourceGroupManager::openResource at ..\..\OgreMain\src\OgreResourceGroupManager.cpp (line 756)
22:50:39: OGRE EXCEPTION(6:FileNotFoundException): Cannot locate resource DOF_ps.cg in resource group Popular or any other group. in ResourceGroupManager::openResource at ..\..\OgreMain\src\OgreResourceGroupManager.cpp (line 756)
22:50:39: High-level program DOF_Blend_ps encountered an error during loading and is thus not supported.
OGRE EXCEPTION(6:FileNotFoundException): Cannot locate resource DOF_ps.cg in resource group Popular or any other group. in ResourceGroupManager::openResource at ..\..\OgreMain\src\OgreResourceGroupManager.cpp (line 756)
22:50:39: Parsing script DualQuaternion.material
22:50:39: Parsing script Embossed.material
22:50:39: OGRE EXCEPTION(6:FileNotFoundException): Cannot locate resource GrayScale.cg in resource group Popular or any other group. in ResourceGroupManager::openResource at ..\..\OgreMain\src\OgreResourceGroupManager.cpp (line 756)
22:50:39: High-level program Ogre/Compositor/Embossed_Cg_FP encountered an error during loading and is thus not supported.
OGRE EXCEPTION(6:FileNotFoundException): Cannot locate resource GrayScale.cg in resource group Popular or any other group. in ResourceGroupManager::openResource at ..\..\OgreMain\src\OgreResourceGroupManager.cpp (line 756)
22:50:39: Parsing script Example-Water.material
22:50:39: Parsing script Examples-Advanced.material
22:50:39: OGRE EXCEPTION(6:FileNotFoundException): Cannot locate resource Example_Projection.cg in resource group Popular or any other group. in ResourceGroupManager::openResource at ..\..\OgreMain\src\OgreResourceGroupManager.cpp (line 756)
22:50:39: High-level program Examples/TexProjectionVP encountered an error during loading and is thus not supported.
OGRE EXCEPTION(6:FileNotFoundException): Cannot locate resource Example_Projection.cg in resource group Popular or any other group. in ResourceGroupManager::openResource at ..\..\OgreMain\src\OgreResourceGroupManager.cpp (line 756)
22:50:39: OGRE EXCEPTION(6:FileNotFoundException): Cannot locate resource Example_Projection.cg in resource group Popular or any other group. in ResourceGroupManager::openResource at ..\..\OgreMain\src\OgreResourceGroupManager.cpp (line 756)
22:50:39: High-level program Examples/TexProjectionFP encountered an error during loading and is thus not supported.
OGRE EXCEPTION(6:FileNotFoundException): Cannot locate resource Example_Projection.cg in resource group Popular or any other group. in ResourceGroupManager::openResource at ..\..\OgreMain\src\OgreResourceGroupManager.cpp (line 756)
22:50:39: Compiler error: object unsupported by render system in Examples-Advanced.material(728): , Shader name: Examples/FresnelRefractReflectPS
22:50:39: Compiler error: object unsupported by render system in Examples-Advanced.material(1027): , Shader name: Examples/TextureArrayPSasm
22:50:39: Parsing script Examples-DynTex.material
22:50:39: OGRE EXCEPTION(6:FileNotFoundException): Cannot locate resource Dyn-Text.cg in resource group Popular or any other group. in ResourceGroupManager::openResource at ..\..\OgreMain\src\OgreResourceGroupManager.cpp (line 756)
22:50:39: High-level program Ogre/Dyn_Text_VS_CG encountered an error during loading and is thus not supported.
OGRE EXCEPTION(6:FileNotFoundException): Cannot locate resource Dyn-Text.cg in resource group Popular or any other group. in ResourceGroupManager::openResource at ..\..\OgreMain\src\OgreResourceGroupManager.cpp (line 756)
22:50:39: OGRE EXCEPTION(2:InvalidParametersException): Named constants have not been initialised, perhaps a compile error. in GpuProgramParameters::_findNamedConstantDefinition at ..\..\OgreMain\src\OgreGpuProgramParams.cpp (line 1709)
22:50:39: Compiler error: invalid parameters in Examples-DynTex.material(9): setting of constant failed
22:50:39: OGRE EXCEPTION(6:FileNotFoundException): Cannot locate resource Dyn-Text.cg in resource group Popular or any other group. in ResourceGroupManager::openResource at ..\..\OgreMain\src\OgreResourceGroupManager.cpp (line 756)
22:50:39: High-level program Ogre/Dyn_Text_PS_CG encountered an error during loading and is thus not supported.
OGRE EXCEPTION(6:FileNotFoundException): Cannot locate resource Dyn-Text.cg in resource group Popular or any other group. in ResourceGroupManager::openResource at ..\..\OgreMain\src\OgreResourceGroupManager.cpp (line 756)
22:50:39: Parsing script Examples-Water.material
22:50:39: Parsing script Examples.material
22:50:39: OGRE EXCEPTION(6:FileNotFoundException): Cannot locate resource hdr.cg in resource group Popular or any other group. in ResourceGroupManager::openResource at ..\..\OgreMain\src\OgreResourceGroupManager.cpp (line 756)
22:50:39: High-level program Examples/MorningSkyBoxHDRfpCg encountered an error during loading and is thus not supported.
OGRE EXCEPTION(6:FileNotFoundException): Cannot locate resource hdr.cg in resource group Popular or any other group. in ResourceGroupManager::openResource at ..\..\OgreMain\src\OgreResourceGroupManager.cpp (line 756)
22:50:39: OGRE EXCEPTION(6:FileNotFoundException): Cannot locate resource hdr.cg in resource group Popular or any other group. in ResourceGroupManager::openResource at ..\..\OgreMain\src\OgreResourceGroupManager.cpp (line 756)
22:50:39: High-level program Examples/MorningCubeMapHDRfp encountered an error during loading and is thus not supported.
OGRE EXCEPTION(6:FileNotFoundException): Cannot locate resource hdr.cg in resource group Popular or any other group. in ResourceGroupManager::openResource at ..\..\OgreMain\src\OgreResourceGroupManager.cpp (line 756)
22:50:39: Parsing script facial.material
22:50:39: Parsing script Glass.material
22:50:39: OGRE EXCEPTION(6:FileNotFoundException): Cannot locate resource GlassFP.cg in resource group Popular or any other group. in ResourceGroupManager::openResource at ..\..\OgreMain\src\OgreResourceGroupManager.cpp (line 756)
22:50:39: High-level program Ogre/Compositor/GlassFP_cg encountered an error during loading and is thus not supported.
OGRE EXCEPTION(6:FileNotFoundException): Cannot locate resource GlassFP.cg in resource group Popular or any other group. in ResourceGroupManager::openResource at ..\..\OgreMain\src\OgreResourceGroupManager.cpp (line 756)
22:50:39: Parsing script GLSLSwizzle.material
22:50:39: Parsing script Halftone.material
22:50:39: OGRE EXCEPTION(6:FileNotFoundException): Cannot locate resource HalftoneFP.cg in resource group Popular or any other group. in ResourceGroupManager::openResource at ..\..\OgreMain\src\OgreResourceGroupManager.cpp (line 756)
22:50:39: High-level program Ogre/Compositor/HalftoneFPCg encountered an error during loading and is thus not supported.
OGRE EXCEPTION(6:FileNotFoundException): Cannot locate resource HalftoneFP.cg in resource group Popular or any other group. in ResourceGroupManager::openResource at ..\..\OgreMain\src\OgreResourceGroupManager.cpp (line 756)
22:50:39: OGRE EXCEPTION(2:InvalidParametersException): Named constants have not been initialised, perhaps a compile error. in GpuProgramParameters::_findNamedConstantDefinition at ..\..\OgreMain\src\OgreGpuProgramParams.cpp (line 1709)
22:50:39: Compiler error: invalid parameters in Halftone.material(9): setting of constant failed
22:50:39: OGRE EXCEPTION(2:InvalidParametersException): Named constants have not been initialised, perhaps a compile error. in GpuProgramParameters::_findNamedConstantDefinition at ..\..\OgreMain\src\OgreGpuProgramParams.cpp (line 1709)
22:50:39: Compiler error: invalid parameters in Halftone.material(10): setting of constant failed
22:50:39: OGRE EXCEPTION(2:InvalidParametersException): Named constants have not been initialised, perhaps a compile error. in GpuProgramParameters::_findNamedConstantDefinition at ..\..\OgreMain\src\OgreGpuProgramParams.cpp (line 1709)
22:50:39: Compiler error: invalid parameters in Halftone.material(11): setting of constant failed
22:50:39: OGRE EXCEPTION(2:InvalidParametersException): Named constants have not been initialised, perhaps a compile error. in GpuProgramParameters::_findNamedConstantDefinition at ..\..\OgreMain\src\OgreGpuProgramParams.cpp (line 1709)
22:50:39: Compiler error: invalid parameters in Halftone.material(12): setting of constant failed
22:50:39: Parsing script hdr.material
22:50:39: Parsing script HeatVision.material
22:50:39: OGRE EXCEPTION(6:FileNotFoundException): Cannot locate resource HeatVision.cg in resource group Popular or any other group. in ResourceGroupManager::openResource at ..\..\OgreMain\src\OgreResourceGroupManager.cpp (line 756)
22:50:39: High-level program Fury/HeatVision/HeatCaster_Cg_vp encountered an error during loading and is thus not supported.
OGRE EXCEPTION(6:FileNotFoundException): Cannot locate resource HeatVision.cg in resource group Popular or any other group. in ResourceGroupManager::openResource at ..\..\OgreMain\src\OgreResourceGroupManager.cpp (line 756)
22:50:39: OGRE EXCEPTION(2:InvalidParametersException): Named constants have not been initialised, perhaps a compile error. in GpuProgramParameters::_findNamedConstantDefinition at ..\..\OgreMain\src\OgreGpuProgramParams.cpp (line 1709)
22:50:39: Compiler error: invalid parameters in HeatVision.material(81): setting of constant failed
22:50:39: OGRE EXCEPTION(2:InvalidParametersException): Named constants have not been initialised, perhaps a compile error. in GpuProgramParameters::_findNamedConstantDefinition at ..\..\OgreMain\src\OgreGpuProgramParams.cpp (line 1709)
22:50:39: Compiler error: invalid parameters in HeatVision.material(82): setting of constant failed
22:50:39: OGRE EXCEPTION(6:FileNotFoundException): Cannot locate resource HeatVision.cg in resource group Popular or any other group. in ResourceGroupManager::openResource at ..\..\OgreMain\src\OgreResourceGroupManager.cpp (line 756)
22:50:39: High-level program Fury/HeatVision/HeatCaster_Cg_fp encountered an error during loading and is thus not supported.
OGRE EXCEPTION(6:FileNotFoundException): Cannot locate resource HeatVision.cg in resource group Popular or any other group. in ResourceGroupManager::openResource at ..\..\OgreMain\src\OgreResourceGroupManager.cpp (line 756)
22:50:39: OGRE EXCEPTION(6:FileNotFoundException): Cannot locate resource HeatVision.cg in resource group Popular or any other group. in ResourceGroupManager::openResource at ..\..\OgreMain\src\OgreResourceGroupManager.cpp (line 756)
22:50:39: High-level program Fury/HeatVision/ColdCaster_Cg_vp encountered an error during loading and is thus not supported.
OGRE EXCEPTION(6:FileNotFoundException): Cannot locate resource HeatVision.cg in resource group Popular or any other group. in ResourceGroupManager::openResource at ..\..\OgreMain\src\OgreResourceGroupManager.cpp (line 756)
22:50:39: OGRE EXCEPTION(2:InvalidParametersException): Named constants have not been initialised, perhaps a compile error. in GpuProgramParameters::_findNamedConstantDefinition at ..\..\OgreMain\src\OgreGpuProgramParams.cpp (line 1709)
22:50:39: Compiler error: invalid parameters in HeatVision.material(172): setting of constant failed
22:50:39: OGRE EXCEPTION(2:InvalidParametersException): Named constants have not been initialised, perhaps a compile error. in GpuProgramParameters::_findNamedConstantDefinition at ..\..\OgreMain\src\OgreGpuProgramParams.cpp (line 1709)
22:50:39: Compiler error: invalid parameters in HeatVision.material(173): setting of constant failed
22:50:39: OGRE EXCEPTION(6:FileNotFoundException): Cannot locate resource HeatVision.cg in resource group Popular or any other group. in ResourceGroupManager::openResource at ..\..\OgreMain\src\OgreResourceGroupManager.cpp (line 756)
22:50:39: High-level program Fury/HeatVision/ColdCaster_Cg_fp encountered an error during loading and is thus not supported.
OGRE EXCEPTION(6:FileNotFoundException): Cannot locate resource HeatVision.cg in resource group Popular or any other group. in ResourceGroupManager::openResource at ..\..\OgreMain\src\OgreResourceGroupManager.cpp (line 756)
22:50:39: OGRE EXCEPTION(6:FileNotFoundException): Cannot locate resource HeatVision.cg in resource group Popular or any other group. in ResourceGroupManager::openResource at ..\..\OgreMain\src\OgreResourceGroupManager.cpp (line 756)
22:50:39: High-level program Fury/HeatVision/LightToHeat_Cg_vp encountered an error during loading and is thus not supported.
OGRE EXCEPTION(6:FileNotFoundException): Cannot locate resource HeatVision.cg in resource group Popular or any other group. in ResourceGroupManager::openResource at ..\..\OgreMain\src\OgreResourceGroupManager.cpp (line 756)
22:50:39: OGRE EXCEPTION(2:InvalidParametersException): Named constants have not been initialised, perhaps a compile error. in GpuProgramParameters::_findNamedConstantDefinition at ..\..\OgreMain\src\OgreGpuProgramParams.cpp (line 1709)
22:50:39: Compiler error: invalid parameters in HeatVision.material(196): setting of constant failed
22:50:39: OGRE EXCEPTION(6:FileNotFoundException): Cannot locate resource HeatVision.cg in resource group Popular or any other group. in ResourceGroupManager::openResource at ..\..\OgreMain\src\OgreResourceGroupManager.cpp (line 756)
22:50:39: High-level program Fury/HeatVision/LightToHeat_Cg_fp encountered an error during loading and is thus not supported.
OGRE EXCEPTION(6:FileNotFoundException): Cannot locate resource HeatVision.cg in resource group Popular or any other group. in ResourceGroupManager::openResource at ..\..\OgreMain\src\OgreResourceGroupManager.cpp (line 756)
22:50:39: OGRE EXCEPTION(2:InvalidParametersException): Named constants have not been initialised, perhaps a compile error. in GpuProgramParameters::_findNamedConstantDefinition at ..\..\OgreMain\src\OgreGpuProgramParams.cpp (line 1709)
22:50:39: Compiler error: invalid parameters in HeatVision.material(305): setting of constant failed
22:50:39: OGRE EXCEPTION(2:InvalidParametersException): Named constants have not been initialised, perhaps a compile error. in GpuProgramParameters::_findNamedConstantDefinition at ..\..\OgreMain\src\OgreGpuProgramParams.cpp (line 1709)
22:50:39: Compiler error: invalid parameters in HeatVision.material(307): setting of constant failed
22:50:39: OGRE EXCEPTION(2:InvalidParametersException): Named constants have not been initialised, perhaps a compile error. in GpuProgramParameters::_findNamedConstantDefinition at ..\..\OgreMain\src\OgreGpuProgramParams.cpp (line 1709)
22:50:39: Compiler error: invalid parameters in HeatVision.material(310): setting of constant failed
22:50:39: OGRE EXCEPTION(6:FileNotFoundException): Cannot locate resource HeatVision.cg in resource group Popular or any other group. in ResourceGroupManager::openResource at ..\..\OgreMain\src\OgreResourceGroupManager.cpp (line 756)
22:50:39: High-level program Fury/HeatVision/Blur_Cg_vp encountered an error during loading and is thus not supported.
OGRE EXCEPTION(6:FileNotFoundException): Cannot locate resource HeatVision.cg in resource group Popular or any other group. in ResourceGroupManager::openResource at ..\..\OgreMain\src\OgreResourceGroupManager.cpp (line 756)
22:50:39: OGRE EXCEPTION(2:InvalidParametersException): Named constants have not been initialised, perhaps a compile error. in GpuProgramParameters::_findNamedConstantDefinition at ..\..\OgreMain\src\OgreGpuProgramParams.cpp (line 1709)
22:50:39: Compiler error: invalid parameters in HeatVision.material(354): setting of constant failed
22:50:39: OGRE EXCEPTION(6:FileNotFoundException): Cannot locate resource HeatVision.cg in resource group Popular or any other group. in ResourceGroupManager::openResource at ..\..\OgreMain\src\OgreResourceGroupManager.cpp (line 756)
22:50:39: High-level program Fury/HeatVision/Blur_Cg_fp encountered an error during loading and is thus not supported.
OGRE EXCEPTION(6:FileNotFoundException): Cannot locate resource HeatVision.cg in resource group Popular or any other group. in ResourceGroupManager::openResource at ..\..\OgreMain\src\OgreResourceGroupManager.cpp (line 756)
22:50:39: OGRE EXCEPTION(2:InvalidParametersException): Named constants have not been initialised, perhaps a compile error. in GpuProgramParameters::_findNamedConstantDefinition at ..\..\OgreMain\src\OgreGpuProgramParams.cpp (line 1709)
22:50:39: Compiler error: invalid parameters in HeatVision.material(458): setting of constant failed
22:50:39: Parsing script Hurt.material
22:50:39: Parsing script HWInstancing.material
22:50:39: Parsing script HW_VTFInstancing.material
22:50:39: Parsing script HW_VTF_LUTInstancing.material
22:50:39: Parsing script instancing.material
22:50:39: Parsing script InstancingMisc.material
22:50:39: Parsing script Invert.material
22:50:39: OGRE EXCEPTION(6:FileNotFoundException): Cannot locate resource InvertFP.cg in resource group Popular or any other group. in ResourceGroupManager::openResource at ..\..\OgreMain\src\OgreResourceGroupManager.cpp (line 756)
22:50:39: High-level program Ogre/Compositor/Invert_Cg_FP encountered an error during loading and is thus not supported.
OGRE EXCEPTION(6:FileNotFoundException): Cannot locate resource InvertFP.cg in resource group Popular or any other group. in ResourceGroupManager::openResource at ..\..\OgreMain\src\OgreResourceGroupManager.cpp (line 756)
22:50:39: Parsing script IsoSurf.material
22:50:39: OGRE EXCEPTION(6:FileNotFoundException): Cannot locate resource isosurf.cg in resource group Popular or any other group. in ResourceGroupManager::openResource at ..\..\OgreMain\src\OgreResourceGroupManager.cpp (line 756)
22:50:39: High-level program Ogre/IsoSurf/SampleFieldVS_CG encountered an error during loading and is thus not supported.
OGRE EXCEPTION(6:FileNotFoundException): Cannot locate resource isosurf.cg in resource group Popular or any other group. in ResourceGroupManager::openResource at ..\..\OgreMain\src\OgreResourceGroupManager.cpp (line 756)
22:50:39: OGRE EXCEPTION(2:InvalidParametersException): Named constants have not been initialised, perhaps a compile error. in GpuProgramParameters::_findNamedConstantDefinition at ..\..\OgreMain\src\OgreGpuProgramParams.cpp (line 1709)
22:50:39: Compiler error: invalid parameters in IsoSurf.material(49): setting of constant failed
22:50:39: OGRE EXCEPTION(2:InvalidParametersException): Named constants have not been initialised, perhaps a compile error. in GpuProgramParameters::_findNamedConstantDefinition at ..\..\OgreMain\src\OgreGpuProgramParams.cpp (line 1709)
22:50:39: Compiler error: invalid parameters in IsoSurf.material(50): setting of constant failed
22:50:39: OGRE EXCEPTION(2:InvalidParametersException): Named constants have not been initialised, perhaps a compile error. in GpuProgramParameters::_findNamedConstantDefinition at ..\..\OgreMain\src\OgreGpuProgramParams.cpp (line 1709)
22:50:39: Compiler error: invalid parameters in IsoSurf.material(51): setting of constant failed
22:50:39: OGRE EXCEPTION(6:FileNotFoundException): Cannot locate resource isosurf.cg in resource group Popular or any other group. in ResourceGroupManager::openResource at ..\..\OgreMain\src\OgreResourceGroupManager.cpp (line 756)
22:50:39: High-level program Ogre/IsoSurf/TessellateTetrahedraGS_CG encountered an error during loading and is thus not supported.
OGRE EXCEPTION(6:FileNotFoundException): Cannot locate resource isosurf.cg in resource group Popular or any other group. in ResourceGroupManager::openResource at ..\..\OgreMain\src\OgreResourceGroupManager.cpp (line 756)
22:50:39: OGRE EXCEPTION(2:InvalidParametersException): Named constants have not been initialised, perhaps a compile error. in GpuProgramParameters::_findNamedConstantDefinition at ..\..\OgreMain\src\OgreGpuProgramParams.cpp (line 1709)
22:50:39: Compiler error: invalid parameters in IsoSurf.material(64): setting of constant failed
22:50:39: OGRE EXCEPTION(6:FileNotFoundException): Cannot locate resource isosurf.cg in resource group Popular or any other group. in ResourceGroupManager::openResource at ..\..\OgreMain\src\OgreResourceGroupManager.cpp (line 756)
22:50:39: High-level program Ogre/IsoSurf/MetaballPS_CG encountered an error during loading and is thus not supported.
OGRE EXCEPTION(6:FileNotFoundException): Cannot locate resource isosurf.cg in resource group Popular or any other group. in ResourceGroupManager::openResource at ..\..\OgreMain\src\OgreResourceGroupManager.cpp (line 756)
22:50:39: Parsing script Laplace.material
22:50:39: OGRE EXCEPTION(6:FileNotFoundException): Cannot locate resource LaplaceFP.cg in resource group Popular or any other group. in ResourceGroupManager::openResource at ..\..\OgreMain\src\OgreResourceGroupManager.cpp (line 756)
22:50:39: High-level program Ogre/Compositor/Laplace_Cg_FP encountered an error during loading and is thus not supported.
OGRE EXCEPTION(6:FileNotFoundException): Cannot locate resource LaplaceFP.cg in resource group Popular or any other group. in ResourceGroupManager::openResource at ..\..\OgreMain\src\OgreResourceGroupManager.cpp (line 756)
22:50:39: OGRE EXCEPTION(2:InvalidParametersException): Named constants have not been initialised, perhaps a compile error. in GpuProgramParameters::_findNamedConstantDefinition at ..\..\OgreMain\src\OgreGpuProgramParams.cpp (line 1709)
22:50:39: Compiler error: invalid parameters in Laplace.material(44): setting of constant failed
22:50:39: OGRE EXCEPTION(2:InvalidParametersException): Named constants have not been initialised, perhaps a compile error. in GpuProgramParameters::_findNamedConstantDefinition at ..\..\OgreMain\src\OgreGpuProgramParams.cpp (line 1709)
22:50:39: Compiler error: invalid parameters in Laplace.material(45): setting of constant failed
22:50:39: Parsing script MotionBlur.material
22:50:39: OGRE EXCEPTION(6:FileNotFoundException): Cannot locate resource Combine_fp.cg in resource group Popular or any other group. in ResourceGroupManager::openResource at ..\..\OgreMain\src\OgreResourceGroupManager.cpp (line 756)
22:50:39: High-level program Ogre/Compositor/Combine_Cg_fp encountered an error during loading and is thus not supported.
OGRE EXCEPTION(6:FileNotFoundException): Cannot locate resource Combine_fp.cg in resource group Popular or any other group. in ResourceGroupManager::openResource at ..\..\OgreMain\src\OgreResourceGroupManager.cpp (line 756)
22:50:39: OGRE EXCEPTION(2:InvalidParametersException): Named constants have not been initialised, perhaps a compile error. in GpuProgramParameters::_findNamedConstantDefinition at ..\..\OgreMain\src\OgreGpuProgramParams.cpp (line 1709)
22:50:39: Compiler error: invalid parameters in MotionBlur.material(9): setting of constant failed
22:50:39: Parsing script MRTtest.material
22:50:39: Parsing script NightVision.material
22:50:39: OGRE EXCEPTION(6:FileNotFoundException): Cannot locate resource NightVisionFP.cg in resource group Popular or any other group. in ResourceGroupManager::openResource at ..\..\OgreMain\src\OgreResourceGroupManager.cpp (line 756)
22:50:39: High-level program Ogre/Compositor/NightVisionFPCg encountered an error during loading and is thus not supported.
OGRE EXCEPTION(6:FileNotFoundException): Cannot locate resource NightVisionFP.cg in resource group Popular or any other group. in ResourceGroupManager::openResource at ..\..\OgreMain\src\OgreResourceGroupManager.cpp (line 756)
22:50:39: OGRE EXCEPTION(2:InvalidParametersException): Named constants have not been initialised, perhaps a compile error. in GpuProgramParameters::_findNamedConstantDefinition at ..\..\OgreMain\src\OgreGpuProgramParams.cpp (line 1709)
22:50:39: Compiler error: invalid parameters in NightVision.material(9): setting of constant failed
22:50:39: OGRE EXCEPTION(2:InvalidParametersException): Named constants have not been initialised, perhaps a compile error. in GpuProgramParameters::_findNamedConstantDefinition at ..\..\OgreMain\src\OgreGpuProgramParams.cpp (line 1709)
22:50:39: Compiler error: invalid parameters in NightVision.material(10): setting of constant failed
22:50:39: Parsing script Ocean.material
22:50:39: Parsing script OffsetMapping.material
22:50:39: Compiler error: object unsupported by render system in OffsetMapping.material(35): , Shader name: Examples/OffsetMappingPSAsm
22:50:39: OGRE EXCEPTION(6:FileNotFoundException): Cannot locate resource OffsetMapping.cg in resource group Popular or any other group. in ResourceGroupManager::openResource at ..\..\OgreMain\src\OgreResourceGroupManager.cpp (line 756)
22:50:39: High-level program Examples/OffsetMappingVPCg encountered an error during loading and is thus not supported.
OGRE EXCEPTION(6:FileNotFoundException): Cannot locate resource OffsetMapping.cg in resource group Popular or any other group. in ResourceGroupManager::openResource at ..\..\OgreMain\src\OgreResourceGroupManager.cpp (line 756)
22:50:39: OGRE EXCEPTION(2:InvalidParametersException): Named constants have not been initialised, perhaps a compile error. in GpuProgramParameters::_findNamedConstantDefinition at ..\..\OgreMain\src\OgreGpuProgramParams.cpp (line 1709)
22:50:39: Compiler error: invalid parameters in OffsetMapping.material(215): setting of constant failed
22:50:39: OGRE EXCEPTION(2:InvalidParametersException): Named constants have not been initialised, perhaps a compile error. in GpuProgramParameters::_findNamedConstantDefinition at ..\..\OgreMain\src\OgreGpuProgramParams.cpp (line 1709)
22:50:39: Compiler error: invalid parameters in OffsetMapping.material(216): setting of constant failed
22:50:39: OGRE EXCEPTION(2:InvalidParametersException): Named constants have not been initialised, perhaps a compile error. in GpuProgramParameters::_findNamedConstantDefinition at ..\..\OgreMain\src\OgreGpuProgramParams.cpp (line 1709)
22:50:39: Compiler error: invalid parameters in OffsetMapping.material(217): setting of constant failed
22:50:39: OGRE EXCEPTION(6:FileNotFoundException): Cannot locate resource OffsetMapping.cg in resource group Popular or any other group. in ResourceGroupManager::openResource at ..\..\OgreMain\src\OgreResourceGroupManager.cpp (line 756)
22:50:39: High-level program Examples/OffsetMappingFPCg encountered an error during loading and is thus not supported.
OGRE EXCEPTION(6:FileNotFoundException): Cannot locate resource OffsetMapping.cg in resource group Popular or any other group. in ResourceGroupManager::openResource at ..\..\OgreMain\src\OgreResourceGroupManager.cpp (line 756)
22:50:39: OGRE EXCEPTION(2:InvalidParametersException): Named constants have not been initialised, perhaps a compile error. in GpuProgramParameters::_findNamedConstantDefinition at ..\..\OgreMain\src\OgreGpuProgramParams.cpp (line 1709)
22:50:39: Compiler error: invalid parameters in OffsetMapping.material(223): setting of constant failed
22:50:39: OGRE EXCEPTION(2:InvalidParametersException): Named constants have not been initialised, perhaps a compile error. in GpuProgramParameters::_findNamedConstantDefinition at ..\..\OgreMain\src\OgreGpuProgramParams.cpp (line 1709)
22:50:39: Compiler error: invalid parameters in OffsetMapping.material(224): setting of constant failed
22:50:39: OGRE EXCEPTION(2:InvalidParametersException): Named constants have not been initialised, perhaps a compile error. in GpuProgramParameters::_findNamedConstantDefinition at ..\..\OgreMain\src\OgreGpuProgramParams.cpp (line 1709)
22:50:39: Compiler error: invalid parameters in OffsetMapping.material(226): setting of constant failed
22:50:39: OGRE EXCEPTION(2:InvalidParametersException): Named constants have not been initialised, perhaps a compile error. in GpuProgramParameters::_findNamedConstantDefinition at ..\..\OgreMain\src\OgreGpuProgramParams.cpp (line 1709)
22:50:39: Compiler error: invalid parameters in OffsetMapping.material(266): setting of constant failed
22:50:39: OGRE EXCEPTION(2:InvalidParametersException): Named constants have not been initialised, perhaps a compile error. in GpuProgramParameters::_findNamedConstantDefinition at ..\..\OgreMain\src\OgreGpuProgramParams.cpp (line 1709)
22:50:39: Compiler error: invalid parameters in OffsetMapping.material(267): setting of constant failed
22:50:39: OGRE EXCEPTION(2:InvalidParametersException): Named constants have not been initialised, perhaps a compile error. in GpuProgramParameters::_findNamedConstantDefinition at ..\..\OgreMain\src\OgreGpuProgramParams.cpp (line 1709)
22:50:39: Compiler error: invalid parameters in OffsetMapping.material(268): setting of constant failed
22:50:39: OGRE EXCEPTION(2:InvalidParametersException): Named constants have not been initialised, perhaps a compile error. in GpuProgramParameters::_findNamedConstantDefinition at ..\..\OgreMain\src\OgreGpuProgramParams.cpp (line 1709)
22:50:39: Compiler error: invalid parameters in OffsetMapping.material(274): setting of constant failed
22:50:39: OGRE EXCEPTION(2:InvalidParametersException): Named constants have not been initialised, perhaps a compile error. in GpuProgramParameters::_findNamedConstantDefinition at ..\..\OgreMain\src\OgreGpuProgramParams.cpp (line 1709)
22:50:39: Compiler error: invalid parameters in OffsetMapping.material(275): setting of constant failed
22:50:39: OGRE EXCEPTION(2:InvalidParametersException): Named constants have not been initialised, perhaps a compile error. in GpuProgramParameters::_findNamedConstantDefinition at ..\..\OgreMain\src\OgreGpuProgramParams.cpp (line 1709)
22:50:39: Compiler error: invalid parameters in OffsetMapping.material(277): setting of constant failed
22:50:39: OGRE EXCEPTION(2:InvalidParametersException): Named constants have not been initialised, perhaps a compile error. in GpuProgramParameters::_findNamedConstantDefinition at ..\..\OgreMain\src\OgreGpuProgramParams.cpp (line 1709)
22:50:39: Compiler error: invalid parameters in OffsetMapping.material(307): setting of constant failed
22:50:39: OGRE EXCEPTION(2:InvalidParametersException): Named constants have not been initialised, perhaps a compile error. in GpuProgramParameters::_findNamedConstantDefinition at ..\..\OgreMain\src\OgreGpuProgramParams.cpp (line 1709)
22:50:39: Compiler error: invalid parameters in OffsetMapping.material(308): setting of constant failed
22:50:39: OGRE EXCEPTION(2:InvalidParametersException): Named constants have not been initialised, perhaps a compile error. in GpuProgramParameters::_findNamedConstantDefinition at ..\..\OgreMain\src\OgreGpuProgramParams.cpp (line 1709)
22:50:39: Compiler error: invalid parameters in OffsetMapping.material(309): setting of constant failed
22:50:39: Parsing script Ogre.material
22:50:39: Parsing script OldMovie.material
22:50:39: OGRE EXCEPTION(6:FileNotFoundException): Cannot locate resource OldMovieFP.cg in resource group Popular or any other group. in ResourceGroupManager::openResource at ..\..\OgreMain\src\OgreResourceGroupManager.cpp (line 756)
22:50:39: High-level program Ogre/Compositor/OldMovie_Cg_FP encountered an error during loading and is thus not supported.
OGRE EXCEPTION(6:FileNotFoundException): Cannot locate resource OldMovieFP.cg in resource group Popular or any other group. in ResourceGroupManager::openResource at ..\..\OgreMain\src\OgreResourceGroupManager.cpp (line 756)
22:50:39: OGRE EXCEPTION(2:InvalidParametersException): Named constants have not been initialised, perhaps a compile error. in GpuProgramParameters::_findNamedConstantDefinition at ..\..\OgreMain\src\OgreGpuProgramParams.cpp (line 1709)
22:50:39: Compiler error: invalid parameters in OldMovie.material(66): setting of constant failed
22:50:39: OGRE EXCEPTION(2:InvalidParametersException): Named constants have not been initialised, perhaps a compile error. in GpuProgramParameters::_findNamedConstantDefinition at ..\..\OgreMain\src\OgreGpuProgramParams.cpp (line 1709)
22:50:39: Compiler error: invalid parameters in OldMovie.material(67): setting of constant failed
22:50:39: OGRE EXCEPTION(2:InvalidParametersException): Named constants have not been initialised, perhaps a compile error. in GpuProgramParameters::_findNamedConstantDefinition at ..\..\OgreMain\src\OgreGpuProgramParams.cpp (line 1709)
22:50:39: Compiler error: invalid parameters in OldMovie.material(68): setting of constant failed
22:50:39: OGRE EXCEPTION(2:InvalidParametersException): Named constants have not been initialised, perhaps a compile error. in GpuProgramParameters::_findNamedConstantDefinition at ..\..\OgreMain\src\OgreGpuProgramParams.cpp (line 1709)
22:50:39: Compiler error: invalid parameters in OldMovie.material(69): setting of constant failed
22:50:39: OGRE EXCEPTION(2:InvalidParametersException): Named constants have not been initialised, perhaps a compile error. in GpuProgramParameters::_findNamedConstantDefinition at ..\..\OgreMain\src\OgreGpuProgramParams.cpp (line 1709)
22:50:39: Compiler error: invalid parameters in OldMovie.material(70): setting of constant failed
22:50:39: OGRE EXCEPTION(2:InvalidParametersException): Named constants have not been initialised, perhaps a compile error. in GpuProgramParameters::_findNamedConstantDefinition at ..\..\OgreMain\src\OgreGpuProgramParams.cpp (line 1709)
22:50:39: Compiler error: invalid parameters in OldMovie.material(71): setting of constant failed
22:50:39: Parsing script OldTV.material
22:50:39: OGRE EXCEPTION(6:FileNotFoundException): Cannot locate resource OldTV.cg in resource group Popular or any other group. in ResourceGroupManager::openResource at ..\..\OgreMain\src\OgreResourceGroupManager.cpp (line 756)
22:50:39: High-level program Ogre/Compositor/OldTV_FPCg encountered an error during loading and is thus not supported.
OGRE EXCEPTION(6:FileNotFoundException): Cannot locate resource OldTV.cg in resource group Popular or any other group. in ResourceGroupManager::openResource at ..\..\OgreMain\src\OgreResourceGroupManager.cpp (line 756)
22:50:39: OGRE EXCEPTION(2:InvalidParametersException): Named constants have not been initialised, perhaps a compile error. in GpuProgramParameters::_findNamedConstantDefinition at ..\..\OgreMain\src\OgreGpuProgramParams.cpp (line 1709)
22:50:39: Compiler error: invalid parameters in OldTV.material(63): setting of constant failed
22:50:39: OGRE EXCEPTION(2:InvalidParametersException): Named constants have not been initialised, perhaps a compile error. in GpuProgramParameters::_findNamedConstantDefinition at ..\..\OgreMain\src\OgreGpuProgramParams.cpp (line 1709)
22:50:39: Compiler error: invalid parameters in OldTV.material(64): setting of constant failed
22:50:39: OGRE EXCEPTION(2:InvalidParametersException): Named constants have not been initialised, perhaps a compile error. in GpuProgramParameters::_findNamedConstantDefinition at ..\..\OgreMain\src\OgreGpuProgramParams.cpp (line 1709)
22:50:39: Compiler error: invalid parameters in OldTV.material(65): setting of constant failed
22:50:39: OGRE EXCEPTION(2:InvalidParametersException): Named constants have not been initialised, perhaps a compile error. in GpuProgramParameters::_findNamedConstantDefinition at ..\..\OgreMain\src\OgreGpuProgramParams.cpp (line 1709)
22:50:39: Compiler error: invalid parameters in OldTV.material(66): setting of constant failed
22:50:39: OGRE EXCEPTION(2:InvalidParametersException): Named constants have not been initialised, perhaps a compile error. in GpuProgramParameters::_findNamedConstantDefinition at ..\..\OgreMain\src\OgreGpuProgramParams.cpp (line 1709)
22:50:39: Compiler error: invalid parameters in OldTV.material(67): setting of constant failed
22:50:39: OGRE EXCEPTION(2:InvalidParametersException): Named constants have not been initialised, perhaps a compile error. in GpuProgramParameters::_findNamedConstantDefinition at ..\..\OgreMain\src\OgreGpuProgramParams.cpp (line 1709)
22:50:39: Compiler error: invalid parameters in OldTV.material(68): setting of constant failed
22:50:39: OGRE EXCEPTION(2:InvalidParametersException): Named constants have not been initialised, perhaps a compile error. in GpuProgramParameters::_findNamedConstantDefinition at ..\..\OgreMain\src\OgreGpuProgramParams.cpp (line 1709)
22:50:39: Compiler error: invalid parameters in OldTV.material(69): setting of constant failed
22:50:39: OGRE EXCEPTION(2:InvalidParametersException): Named constants have not been initialised, perhaps a compile error. in GpuProgramParameters::_findNamedConstantDefinition at ..\..\OgreMain\src\OgreGpuProgramParams.cpp (line 1709)
22:50:39: Compiler error: invalid parameters in OldTV.material(71): setting of constant failed
22:50:39: OGRE EXCEPTION(2:InvalidParametersException): Named constants have not been initialised, perhaps a compile error. in GpuProgramParameters::_findNamedConstantDefinition at ..\..\OgreMain\src\OgreGpuProgramParams.cpp (line 1709)
22:50:39: Compiler error: invalid parameters in OldTV.material(72): setting of constant failed
22:50:39: Parsing script ParticleGS.material
22:50:39: OGRE EXCEPTION(6:FileNotFoundException): Cannot locate resource ParticleGS.cg in resource group Popular or any other group. in ResourceGroupManager::openResource at ..\..\OgreMain\src\OgreResourceGroupManager.cpp (line 756)
22:50:39: High-level program Ogre/ParticleGS/GenerateVScg encountered an error during loading and is thus not supported.
OGRE EXCEPTION(6:FileNotFoundException): Cannot locate resource ParticleGS.cg in resource group Popular or any other group. in ResourceGroupManager::openResource at ..\..\OgreMain\src\OgreResourceGroupManager.cpp (line 756)
22:50:39: OGRE EXCEPTION(6:FileNotFoundException): Cannot locate resource ParticleGS.cg in resource group Popular or any other group. in ResourceGroupManager::openResource at ..\..\OgreMain\src\OgreResourceGroupManager.cpp (line 756)
22:50:39: High-level program Ogre/ParticleGS/GenerateGScg encountered an error during loading and is thus not supported.
OGRE EXCEPTION(6:FileNotFoundException): Cannot locate resource ParticleGS.cg in resource group Popular or any other group. in ResourceGroupManager::openResource at ..\..\OgreMain\src\OgreResourceGroupManager.cpp (line 756)
22:50:39: OGRE EXCEPTION(6:FileNotFoundException): Cannot locate resource ParticleGS.cg in resource group Popular or any other group. in ResourceGroupManager::openResource at ..\..\OgreMain\src\OgreResourceGroupManager.cpp (line 756)
22:50:39: High-level program Ogre/ParticleGS/DisplayVScg encountered an error during loading and is thus not supported.
OGRE EXCEPTION(6:FileNotFoundException): Cannot locate resource ParticleGS.cg in resource group Popular or any other group. in ResourceGroupManager::openResource at ..\..\OgreMain\src\OgreResourceGroupManager.cpp (line 756)
22:50:39: OGRE EXCEPTION(6:FileNotFoundException): Cannot locate resource ParticleGS.cg in resource group Popular or any other group. in ResourceGroupManager::openResource at ..\..\OgreMain\src\OgreResourceGroupManager.cpp (line 756)
22:50:39: High-level program Ogre/ParticleGS/DisplayGScg encountered an error during loading and is thus not supported.
OGRE EXCEPTION(6:FileNotFoundException): Cannot locate resource ParticleGS.cg in resource group Popular or any other group. in ResourceGroupManager::openResource at ..\..\OgreMain\src\OgreResourceGroupManager.cpp (line 756)
22:50:39: OGRE EXCEPTION(6:FileNotFoundException): Cannot locate resource ParticleGS.cg in resource group Popular or any other group. in ResourceGroupManager::openResource at ..\..\OgreMain\src\OgreResourceGroupManager.cpp (line 756)
22:50:39: High-level program Ogre/ParticleGS/DisplayPScg encountered an error during loading and is thus not supported.
OGRE EXCEPTION(6:FileNotFoundException): Cannot locate resource ParticleGS.cg in resource group Popular or any other group. in ResourceGroupManager::openResource at ..\..\OgreMain\src\OgreResourceGroupManager.cpp (line 756)
22:50:39: Parsing script Penguin.material
22:50:39: Parsing script Posterize.material
22:50:39: OGRE EXCEPTION(6:FileNotFoundException): Cannot locate resource PosterizeFP.cg in resource group Popular or any other group. in ResourceGroupManager::openResource at ..\..\OgreMain\src\OgreResourceGroupManager.cpp (line 756)
22:50:39: High-level program Ogre/Compositor/Posterize_Cg_FP encountered an error during loading and is thus not supported.
OGRE EXCEPTION(6:FileNotFoundException): Cannot locate resource PosterizeFP.cg in resource group Popular or any other group. in ResourceGroupManager::openResource at ..\..\OgreMain\src\OgreResourceGroupManager.cpp (line 756)
22:50:39: Parsing script pssm.material
22:50:39: OGRE EXCEPTION(6:FileNotFoundException): Cannot locate resource pssm.cg in resource group Popular or any other group. in ResourceGroupManager::openResource at ..\..\OgreMain\src\OgreResourceGroupManager.cpp (line 756)
22:50:39: High-level program PSSM/shadow_caster_vsCg encountered an error during loading and is thus not supported.
OGRE EXCEPTION(6:FileNotFoundException): Cannot locate resource pssm.cg in resource group Popular or any other group. in ResourceGroupManager::openResource at ..\..\OgreMain\src\OgreResourceGroupManager.cpp (line 756)
22:50:39: OGRE EXCEPTION(2:InvalidParametersException): Named constants have not been initialised, perhaps a compile error. in GpuProgramParameters::_findNamedConstantDefinition at ..\..\OgreMain\src\OgreGpuProgramParams.cpp (line 1709)
22:50:39: Compiler error: invalid parameters in pssm.material(13): setting of constant failed
22:50:39: OGRE EXCEPTION(6:FileNotFoundException): Cannot locate resource pssm.cg in resource group Popular or any other group. in ResourceGroupManager::openResource at ..\..\OgreMain\src\OgreResourceGroupManager.cpp (line 756)
22:50:39: High-level program PSSM/shadow_caster_psCg encountered an error during loading and is thus not supported.
OGRE EXCEPTION(6:FileNotFoundException): Cannot locate resource pssm.cg in resource group Popular or any other group. in ResourceGroupManager::openResource at ..\..\OgreMain\src\OgreResourceGroupManager.cpp (line 756)
22:50:39: OGRE EXCEPTION(6:FileNotFoundException): Cannot locate resource pssm.cg in resource group Popular or any other group. in ResourceGroupManager::openResource at ..\..\OgreMain\src\OgreResourceGroupManager.cpp (line 756)
22:50:39: High-level program PSSM/shadow_receiver_vsCg encountered an error during loading and is thus not supported.
OGRE EXCEPTION(6:FileNotFoundException): Cannot locate resource pssm.cg in resource group Popular or any other group. in ResourceGroupManager::openResource at ..\..\OgreMain\src\OgreResourceGroupManager.cpp (line 756)
22:50:39: OGRE EXCEPTION(2:InvalidParametersException): Named constants have not been initialised, perhaps a compile error. in GpuProgramParameters::_findNamedConstantDefinition at ..\..\OgreMain\src\OgreGpuProgramParams.cpp (line 1709)
22:50:39: Compiler error: invalid parameters in pssm.material(135): setting of constant failed
22:50:39: OGRE EXCEPTION(2:InvalidParametersException): Named constants have not been initialised, perhaps a compile error. in GpuProgramParameters::_findNamedConstantDefinition at ..\..\OgreMain\src\OgreGpuProgramParams.cpp (line 1709)
22:50:39: Compiler error: invalid parameters in pssm.material(136): setting of constant failed
22:50:39: OGRE EXCEPTION(2:InvalidParametersException): Named constants have not been initialised, perhaps a compile error. in GpuProgramParameters::_findNamedConstantDefinition at ..\..\OgreMain\src\OgreGpuProgramParams.cpp (line 1709)
22:50:39: Compiler error: invalid parameters in pssm.material(137): setting of constant failed
22:50:39: OGRE EXCEPTION(2:InvalidParametersException): Named constants have not been initialised, perhaps a compile error. in GpuProgramParameters::_findNamedConstantDefinition at ..\..\OgreMain\src\OgreGpuProgramParams.cpp (line 1709)
22:50:39: Compiler error: invalid parameters in pssm.material(138): setting of constant failed
22:50:39: OGRE EXCEPTION(2:InvalidParametersException): Named constants have not been initialised, perhaps a compile error. in GpuProgramParameters::_findNamedConstantDefinition at ..\..\OgreMain\src\OgreGpuProgramParams.cpp (line 1709)
22:50:39: Compiler error: invalid parameters in pssm.material(139): setting of constant failed
22:50:39: OGRE EXCEPTION(2:InvalidParametersException): Named constants have not been initialised, perhaps a compile error. in GpuProgramParameters::_findNamedConstantDefinition at ..\..\OgreMain\src\OgreGpuProgramParams.cpp (line 1709)
22:50:39: Compiler error: invalid parameters in pssm.material(140): setting of constant failed
22:50:39: OGRE EXCEPTION(6:FileNotFoundException): Cannot locate resource pssm.cg in resource group Popular or any other group. in ResourceGroupManager::openResource at ..\..\OgreMain\src\OgreResourceGroupManager.cpp (line 756)
22:50:39: High-level program PSSM/shadow_receiver_psCg encountered an error during loading and is thus not supported.
OGRE EXCEPTION(6:FileNotFoundException): Cannot locate resource pssm.cg in resource group Popular or any other group. in ResourceGroupManager::openResource at ..\..\OgreMain\src\OgreResourceGroupManager.cpp (line 756)
22:50:39: OGRE EXCEPTION(2:InvalidParametersException): Named constants have not been initialised, perhaps a compile error. in GpuProgramParameters::_findNamedConstantDefinition at ..\..\OgreMain\src\OgreGpuProgramParams.cpp (line 1709)
22:50:39: Compiler error: invalid parameters in pssm.material(155): setting of constant failed
22:50:39: OGRE EXCEPTION(2:InvalidParametersException): Named constants have not been initialised, perhaps a compile error. in GpuProgramParameters::_findNamedConstantDefinition at ..\..\OgreMain\src\OgreGpuProgramParams.cpp (line 1709)
22:50:39: Compiler error: invalid parameters in pssm.material(156): setting of constant failed
22:50:39: OGRE EXCEPTION(2:InvalidParametersException): Named constants have not been initialised, perhaps a compile error. in GpuProgramParameters::_findNamedConstantDefinition at ..\..\OgreMain\src\OgreGpuProgramParams.cpp (line 1709)
22:50:39: Compiler error: invalid parameters in pssm.material(157): setting of constant failed
22:50:39: OGRE EXCEPTION(2:InvalidParametersException): Named constants have not been initialised, perhaps a compile error. in GpuProgramParameters::_findNamedConstantDefinition at ..\..\OgreMain\src\OgreGpuProgramParams.cpp (line 1709)
22:50:39: Compiler error: invalid parameters in pssm.material(158): setting of constant failed
22:50:39: OGRE EXCEPTION(2:InvalidParametersException): Named constants have not been initialised, perhaps a compile error. in GpuProgramParameters::_findNamedConstantDefinition at ..\..\OgreMain\src\OgreGpuProgramParams.cpp (line 1709)
22:50:39: Compiler error: invalid parameters in pssm.material(159): setting of constant failed
22:50:39: OGRE EXCEPTION(2:InvalidParametersException): Named constants have not been initialised, perhaps a compile error. in GpuProgramParameters::_findNamedConstantDefinition at ..\..\OgreMain\src\OgreGpuProgramParams.cpp (line 1709)
22:50:39: Compiler error: invalid parameters in pssm.material(160): setting of constant failed
22:50:39: Parsing script RadialBlur.material
22:50:39: OGRE EXCEPTION(6:FileNotFoundException): Cannot locate resource Radial_Blur_FP.cg in resource group Popular or any other group. in ResourceGroupManager::openResource at ..\..\OgreMain\src\OgreResourceGroupManager.cpp (line 756)
22:50:39: High-level program Radial_Blur_Cg_ps encountered an error during loading and is thus not supported.
OGRE EXCEPTION(6:FileNotFoundException): Cannot locate resource Radial_Blur_FP.cg in resource group Popular or any other group. in ResourceGroupManager::openResource at ..\..\OgreMain\src\OgreResourceGroupManager.cpp (line 756)
22:50:39: OGRE EXCEPTION(2:InvalidParametersException): Named constants have not been initialised, perhaps a compile error. in GpuProgramParameters::_findNamedConstantDefinition at ..\..\OgreMain\src\OgreGpuProgramParams.cpp (line 1709)
22:50:39: Compiler error: invalid parameters in RadialBlur.material(42): setting of constant failed
22:50:39: OGRE EXCEPTION(2:InvalidParametersException): Named constants have not been initialised, perhaps a compile error. in GpuProgramParameters::_findNamedConstantDefinition at ..\..\OgreMain\src\OgreGpuProgramParams.cpp (line 1709)
22:50:39: Compiler error: invalid parameters in RadialBlur.material(43): setting of constant failed
22:50:39: Parsing script RasterizationOrder.material
22:50:39: Parsing script RZR-002.material
22:50:39: Parsing script ShaderInstancing.material
22:50:39: Parsing script ShaderSystem.material
22:50:39: Parsing script shadows.material
22:50:39: OGRE EXCEPTION(6:FileNotFoundException): Cannot locate resource depthshadowobject.cg in resource group Popular or any other group. in ResourceGroupManager::openResource at ..\..\OgreMain\src\OgreResourceGroupManager.cpp (line 756)
22:50:39: High-level program Ogre/shadow/caster/depth/vpCg encountered an error during loading and is thus not supported.
OGRE EXCEPTION(6:FileNotFoundException): Cannot locate resource depthshadowobject.cg in resource group Popular or any other group. in ResourceGroupManager::openResource at ..\..\OgreMain\src\OgreResourceGroupManager.cpp (line 756)
22:50:39: OGRE EXCEPTION(2:InvalidParametersException): Named constants have not been initialised, perhaps a compile error. in GpuProgramParameters::_findNamedConstantDefinition at ..\..\OgreMain\src\OgreGpuProgramParams.cpp (line 1709)
22:50:39: Compiler error: invalid parameters in shadows.material(12): setting of constant failed
22:50:39: OGRE EXCEPTION(2:InvalidParametersException): Named constants have not been initialised, perhaps a compile error. in GpuProgramParameters::_findNamedConstantDefinition at ..\..\OgreMain\src\OgreGpuProgramParams.cpp (line 1709)
22:50:39: Compiler error: invalid parameters in shadows.material(13): setting of constant failed
22:50:39: OGRE EXCEPTION(6:FileNotFoundException): Cannot locate resource depthshadowobject.cg in resource group Popular or any other group. in ResourceGroupManager::openResource at ..\..\OgreMain\src\OgreResourceGroupManager.cpp (line 756)
22:50:39: High-level program Ogre/shadow/caster/depth/fpCg encountered an error during loading and is thus not supported.
OGRE EXCEPTION(6:FileNotFoundException): Cannot locate resource depthshadowobject.cg in resource group Popular or any other group. in ResourceGroupManager::openResource at ..\..\OgreMain\src\OgreResourceGroupManager.cpp (line 756)
22:50:39: OGRE EXCEPTION(6:FileNotFoundException): Cannot locate resource depthshadowobject.cg in resource group Popular or any other group. in ResourceGroupManager::openResource at ..\..\OgreMain\src\OgreResourceGroupManager.cpp (line 756)
22:50:39: High-level program Ogre/shadow/receiver/depth/pssm3/vpCg encountered an error during loading and is thus not supported.
OGRE EXCEPTION(6:FileNotFoundException): Cannot locate resource depthshadowobject.cg in resource group Popular or any other group. in ResourceGroupManager::openResource at ..\..\OgreMain\src\OgreResourceGroupManager.cpp (line 756)
22:50:39: OGRE EXCEPTION(2:InvalidParametersException): Named constants have not been initialised, perhaps a compile error. in GpuProgramParameters::_findNamedConstantDefinition at ..\..\OgreMain\src\OgreGpuProgramParams.cpp (line 1709)
22:50:39: Compiler error: invalid parameters in shadows.material(38): setting of constant failed
22:50:39: OGRE EXCEPTION(2:InvalidParametersException): Named constants have not been initialised, perhaps a compile error. in GpuProgramParameters::_findNamedConstantDefinition at ..\..\OgreMain\src\OgreGpuProgramParams.cpp (line 1709)
22:50:39: Compiler error: invalid parameters in shadows.material(39): setting of constant failed
22:50:39: OGRE EXCEPTION(2:InvalidParametersException): Named constants have not been initialised, perhaps a compile error. in GpuProgramParameters::_findNamedConstantDefinition at ..\..\OgreMain\src\OgreGpuProgramParams.cpp (line 1709)
22:50:39: Compiler error: invalid parameters in shadows.material(40): setting of constant failed
22:50:39: OGRE EXCEPTION(2:InvalidParametersException): Named constants have not been initialised, perhaps a compile error. in GpuProgramParameters::_findNamedConstantDefinition at ..\..\OgreMain\src\OgreGpuProgramParams.cpp (line 1709)
22:50:39: Compiler error: invalid parameters in shadows.material(41): setting of constant failed
22:50:39: OGRE EXCEPTION(2:InvalidParametersException): Named constants have not been initialised, perhaps a compile error. in GpuProgramParameters::_findNamedConstantDefinition at ..\..\OgreMain\src\OgreGpuProgramParams.cpp (line 1709)
22:50:39: Compiler error: invalid parameters in shadows.material(42): setting of constant failed
22:50:39: OGRE EXCEPTION(2:InvalidParametersException): Named constants have not been initialised, perhaps a compile error. in GpuProgramParameters::_findNamedConstantDefinition at ..\..\OgreMain\src\OgreGpuProgramParams.cpp (line 1709)
22:50:39: Compiler error: invalid parameters in shadows.material(43): setting of constant failed
22:50:39: OGRE EXCEPTION(2:InvalidParametersException): Named constants have not been initialised, perhaps a compile error. in GpuProgramParameters::_findNamedConstantDefinition at ..\..\OgreMain\src\OgreGpuProgramParams.cpp (line 1709)
22:50:39: Compiler error: invalid parameters in shadows.material(45): setting of constant failed
22:50:39: OGRE EXCEPTION(2:InvalidParametersException): Named constants have not been initialised, perhaps a compile error. in GpuProgramParameters::_findNamedConstantDefinition at ..\..\OgreMain\src\OgreGpuProgramParams.cpp (line 1709)
22:50:39: Compiler error: invalid parameters in shadows.material(46): setting of constant failed
22:50:39: OGRE EXCEPTION(2:InvalidParametersException): Named constants have not been initialised, perhaps a compile error. in GpuProgramParameters::_findNamedConstantDefinition at ..\..\OgreMain\src\OgreGpuProgramParams.cpp (line 1709)
22:50:39: Compiler error: invalid parameters in shadows.material(47): setting of constant failed
22:50:39: OGRE EXCEPTION(6:FileNotFoundException): Cannot locate resource depthshadowobject.cg in resource group Popular or any other group. in ResourceGroupManager::openResource at ..\..\OgreMain\src\OgreResourceGroupManager.cpp (line 756)
22:50:39: High-level program Ogre/shadow/receiver/depth/pssm3/fpCg encountered an error during loading and is thus not supported.
OGRE EXCEPTION(6:FileNotFoundException): Cannot locate resource depthshadowobject.cg in resource group Popular or any other group. in ResourceGroupManager::openResource at ..\..\OgreMain\src\OgreResourceGroupManager.cpp (line 756)
22:50:39: OGRE EXCEPTION(2:InvalidParametersException): Named constants have not been initialised, perhaps a compile error. in GpuProgramParameters::_findNamedConstantDefinition at ..\..\OgreMain\src\OgreGpuProgramParams.cpp (line 1709)
22:50:39: Compiler error: invalid parameters in shadows.material(60): setting of constant failed
22:50:39: OGRE EXCEPTION(2:InvalidParametersException): Named constants have not been initialised, perhaps a compile error. in GpuProgramParameters::_findNamedConstantDefinition at ..\..\OgreMain\src\OgreGpuProgramParams.cpp (line 1709)
22:50:39: Compiler error: invalid parameters in shadows.material(62): setting of constant failed
22:50:39: OGRE EXCEPTION(2:InvalidParametersException): Named constants have not been initialised, perhaps a compile error. in GpuProgramParameters::_findNamedConstantDefinition at ..\..\OgreMain\src\OgreGpuProgramParams.cpp (line 1709)
22:50:39: Compiler error: invalid parameters in shadows.material(63): setting of constant failed
22:50:39: OGRE EXCEPTION(2:InvalidParametersException): Named constants have not been initialised, perhaps a compile error. in GpuProgramParameters::_findNamedConstantDefinition at ..\..\OgreMain\src\OgreGpuProgramParams.cpp (line 1709)
22:50:39: Compiler error: invalid parameters in shadows.material(64): setting of constant failed
22:50:39: Parsing script SharpenEdges.material
22:50:39: Parsing script sibenik.material
22:50:39: Parsing script smoke.material
22:50:39: Parsing script Tesselation.material
22:50:39: Parsing script Tiling.material
22:50:39: OGRE EXCEPTION(6:FileNotFoundException): Cannot locate resource TilingFP.cg in resource group Popular or any other group. in ResourceGroupManager::openResource at ..\..\OgreMain\src\OgreResourceGroupManager.cpp (line 756)
22:50:39: High-level program Ogre/Compositor/Tiling_Cg_FP encountered an error during loading and is thus not supported.
OGRE EXCEPTION(6:FileNotFoundException): Cannot locate resource TilingFP.cg in resource group Popular or any other group. in ResourceGroupManager::openResource at ..\..\OgreMain\src\OgreResourceGroupManager.cpp (line 756)
22:50:39: OGRE EXCEPTION(2:InvalidParametersException): Named constants have not been initialised, perhaps a compile error. in GpuProgramParameters::_findNamedConstantDefinition at ..\..\OgreMain\src\OgreGpuProgramParams.cpp (line 1709)
22:50:39: Compiler error: invalid parameters in Tiling.material(45): setting of constant failed
22:50:39: OGRE EXCEPTION(2:InvalidParametersException): Named constants have not been initialised, perhaps a compile error. in GpuProgramParameters::_findNamedConstantDefinition at ..\..\OgreMain\src\OgreGpuProgramParams.cpp (line 1709)
22:50:39: Compiler error: invalid parameters in Tiling.material(46): setting of constant failed
22:50:39: Parsing script VarianceShadowmap.material
22:50:39: OGRE EXCEPTION(6:FileNotFoundException): Cannot locate resource varianceshadowcastervp.cg in resource group Popular or any other group. in ResourceGroupManager::openResource at ..\..\OgreMain\src\OgreResourceGroupManager.cpp (line 756)
22:50:39: High-level program VarianceShadowMapping/ShadowCasterVP encountered an error during loading and is thus not supported.
OGRE EXCEPTION(6:FileNotFoundException): Cannot locate resource varianceshadowcastervp.cg in resource group Popular or any other group. in ResourceGroupManager::openResource at ..\..\OgreMain\src\OgreResourceGroupManager.cpp (line 756)
22:50:39: OGRE EXCEPTION(2:InvalidParametersException): Named constants have not been initialised, perhaps a compile error. in GpuProgramParameters::_findNamedConstantDefinition at ..\..\OgreMain\src\OgreGpuProgramParams.cpp (line 1709)
22:50:39: Compiler error: invalid parameters in VarianceShadowmap.material(13): setting of constant failed
22:50:39: OGRE EXCEPTION(6:FileNotFoundException): Cannot locate resource varianceshadowcasterfp.cg in resource group Popular or any other group. in ResourceGroupManager::openResource at ..\..\OgreMain\src\OgreResourceGroupManager.cpp (line 756)
22:50:39: High-level program VarianceShadowMapping/ShadowCasterFP encountered an error during loading and is thus not supported.
OGRE EXCEPTION(6:FileNotFoundException): Cannot locate resource varianceshadowcasterfp.cg in resource group Popular or any other group. in ResourceGroupManager::openResource at ..\..\OgreMain\src\OgreResourceGroupManager.cpp (line 756)
22:50:39: OGRE EXCEPTION(2:InvalidParametersException): Named constants have not been initialised, perhaps a compile error. in GpuProgramParameters::_findNamedConstantDefinition at ..\..\OgreMain\src\OgreGpuProgramParams.cpp (line 1709)
22:50:39: Compiler error: invalid parameters in VarianceShadowmap.material(25): setting of constant failed
22:50:39: OGRE EXCEPTION(2:InvalidParametersException): Named constants have not been initialised, perhaps a compile error. in GpuProgramParameters::_findNamedConstantDefinition at ..\..\OgreMain\src\OgreGpuProgramParams.cpp (line 1709)
22:50:39: Compiler error: invalid parameters in VarianceShadowmap.material(26): setting of constant failed
22:50:39: OGRE EXCEPTION(6:FileNotFoundException): Cannot locate resource varianceshadowreceivervp.cg in resource group Popular or any other group. in ResourceGroupManager::openResource at ..\..\OgreMain\src\OgreResourceGroupManager.cpp (line 756)
22:50:39: High-level program VarianceShadowMapping/ShadowReceiverVP encountered an error during loading and is thus not supported.
OGRE EXCEPTION(6:FileNotFoundException): Cannot locate resource varianceshadowreceivervp.cg in resource group Popular or any other group. in ResourceGroupManager::openResource at ..\..\OgreMain\src\OgreResourceGroupManager.cpp (line 756)
22:50:39: OGRE EXCEPTION(2:InvalidParametersException): Named constants have not been initialised, perhaps a compile error. in GpuProgramParameters::_findNamedConstantDefinition at ..\..\OgreMain\src\OgreGpuProgramParams.cpp (line 1709)
22:50:39: Compiler error: invalid parameters in VarianceShadowmap.material(61): setting of constant failed
22:50:39: OGRE EXCEPTION(2:InvalidParametersException): Named constants have not been initialised, perhaps a compile error. in GpuProgramParameters::_findNamedConstantDefinition at ..\..\OgreMain\src\OgreGpuProgramParams.cpp (line 1709)
22:50:39: Compiler error: invalid parameters in VarianceShadowmap.material(62): setting of constant failed
22:50:39: OGRE EXCEPTION(2:InvalidParametersException): Named constants have not been initialised, perhaps a compile error. in GpuProgramParameters::_findNamedConstantDefinition at ..\..\OgreMain\src\OgreGpuProgramParams.cpp (line 1709)
22:50:39: Compiler error: invalid parameters in VarianceShadowmap.material(63): setting of constant failed
22:50:39: OGRE EXCEPTION(2:InvalidParametersException): Named constants have not been initialised, perhaps a compile error. in GpuProgramParameters::_findNamedConstantDefinition at ..\..\OgreMain\src\OgreGpuProgramParams.cpp (line 1709)
22:50:39: Compiler error: invalid parameters in VarianceShadowmap.material(64): setting of constant failed
22:50:39: OGRE EXCEPTION(6:FileNotFoundException): Cannot locate resource varianceshadowreceiverfp.cg in resource group Popular or any other group. in ResourceGroupManager::openResource at ..\..\OgreMain\src\OgreResourceGroupManager.cpp (line 756)
22:50:39: High-level program VarianceShadowMapping/ShadowReceiverFP encountered an error during loading and is thus not supported.
OGRE EXCEPTION(6:FileNotFoundException): Cannot locate resource varianceshadowreceiverfp.cg in resource group Popular or any other group. in ResourceGroupManager::openResource at ..\..\OgreMain\src\OgreResourceGroupManager.cpp (line 756)
22:50:39: OGRE EXCEPTION(2:InvalidParametersException): Named constants have not been initialised, perhaps a compile error. in GpuProgramParameters::_findNamedConstantDefinition at ..\..\OgreMain\src\OgreGpuProgramParams.cpp (line 1709)
22:50:39: Compiler error: invalid parameters in VarianceShadowmap.material(76): setting of constant failed
22:50:39: OGRE EXCEPTION(2:InvalidParametersException): Named constants have not been initialised, perhaps a compile error. in GpuProgramParameters::_findNamedConstantDefinition at ..\..\OgreMain\src\OgreGpuProgramParams.cpp (line 1709)
22:50:39: Compiler error: invalid parameters in VarianceShadowmap.material(77): setting of constant failed
22:50:39: Parsing script VTFInstancing.material
22:50:39: Parsing script deferreddemo.material
22:50:39: Parsing script deferred_post.material
22:50:39: Parsing script deferred_post_minilight.material
22:50:39: Parsing script ShadowCaster.material
22:50:39: Parsing script ssao.material
22:50:39: Parsing script ROOM.material
22:50:39: Parsing script DualQuaternionSkinning_Shadow.material
22:50:39: OGRE EXCEPTION(6:FileNotFoundException): Cannot locate resource DualQuaternionSkinning_Shadow.cg in resource group Popular or any other group. in ResourceGroupManager::openResource at ..\..\OgreMain\src\OgreResourceGroupManager.cpp (line 756)
22:50:39: High-level program Ogre/RTShader/shadow_caster_dq_ps_cg encountered an error during loading and is thus not supported.
OGRE EXCEPTION(6:FileNotFoundException): Cannot locate resource DualQuaternionSkinning_Shadow.cg in resource group Popular or any other group. in ResourceGroupManager::openResource at ..\..\OgreMain\src\OgreResourceGroupManager.cpp (line 756)
22:50:39: OGRE EXCEPTION(6:FileNotFoundException): Cannot locate resource DualQuaternionSkinning_Shadow.cg in resource group Popular or any other group. in ResourceGroupManager::openResource at ..\..\OgreMain\src\OgreResourceGroupManager.cpp (line 756)
22:50:39: High-level program Ogre/RTShader/shadow_caster_dq_skinning_1weight_vs_cg encountered an error during loading and is thus not supported.
OGRE EXCEPTION(6:FileNotFoundException): Cannot locate resource DualQuaternionSkinning_Shadow.cg in resource group Popular or any other group. in ResourceGroupManager::openResource at ..\..\OgreMain\src\OgreResourceGroupManager.cpp (line 756)
22:50:39: OGRE EXCEPTION(2:InvalidParametersException): Named constants have not been initialised, perhaps a compile error. in GpuProgramParameters::_findNamedConstantDefinition at ..\..\OgreMain\src\OgreGpuProgramParams.cpp (line 1709)
22:50:39: Compiler error: invalid parameters in DualQuaternionSkinning_Shadow.material(180): setting of constant failed
22:50:39: OGRE EXCEPTION(2:InvalidParametersException): Named constants have not been initialised, perhaps a compile error. in GpuProgramParameters::_findNamedConstantDefinition at ..\..\OgreMain\src\OgreGpuProgramParams.cpp (line 1709)
22:50:39: Compiler error: invalid parameters in DualQuaternionSkinning_Shadow.material(181): setting of constant failed
22:50:39: OGRE EXCEPTION(2:InvalidParametersException): Named constants have not been initialised, perhaps a compile error. in GpuProgramParameters::_findNamedConstantDefinition at ..\..\OgreMain\src\OgreGpuProgramParams.cpp (line 1709)
22:50:39: Compiler error: invalid parameters in DualQuaternionSkinning_Shadow.material(182): setting of constant failed
22:50:39: OGRE EXCEPTION(6:FileNotFoundException): Cannot locate resource DualQuaternionSkinning_Shadow.cg in resource group Popular or any other group. in ResourceGroupManager::openResource at ..\..\OgreMain\src\OgreResourceGroupManager.cpp (line 756)
22:50:39: High-level program Ogre/RTShader/shadow_caster_dq_skinning_2weight_vs_cg encountered an error during loading and is thus not supported.
OGRE EXCEPTION(6:FileNotFoundException): Cannot locate resource DualQuaternionSkinning_Shadow.cg in resource group Popular or any other group. in ResourceGroupManager::openResource at ..\..\OgreMain\src\OgreResourceGroupManager.cpp (line 756)
22:50:39: OGRE EXCEPTION(2:InvalidParametersException): Named constants have not been initialised, perhaps a compile error. in GpuProgramParameters::_findNamedConstantDefinition at ..\..\OgreMain\src\OgreGpuProgramParams.cpp (line 1709)
22:50:39: Compiler error: invalid parameters in DualQuaternionSkinning_Shadow.material(196): setting of constant failed
22:50:39: OGRE EXCEPTION(2:InvalidParametersException): Named constants have not been initialised, perhaps a compile error. in GpuProgramParameters::_findNamedConstantDefinition at ..\..\OgreMain\src\OgreGpuProgramParams.cpp (line 1709)
22:50:39: Compiler error: invalid parameters in DualQuaternionSkinning_Shadow.material(197): setting of constant failed
22:50:39: OGRE EXCEPTION(2:InvalidParametersException): Named constants have not been initialised, perhaps a compile error. in GpuProgramParameters::_findNamedConstantDefinition at ..\..\OgreMain\src\OgreGpuProgramParams.cpp (line 1709)
22:50:39: Compiler error: invalid parameters in DualQuaternionSkinning_Shadow.material(198): setting of constant failed
22:50:39: OGRE EXCEPTION(6:FileNotFoundException): Cannot locate resource DualQuaternionSkinning_Shadow.cg in resource group Popular or any other group. in ResourceGroupManager::openResource at ..\..\OgreMain\src\OgreResourceGroupManager.cpp (line 756)
22:50:39: High-level program Ogre/RTShader/shadow_caster_dq_skinning_3weight_vs_cg encountered an error during loading and is thus not supported.
OGRE EXCEPTION(6:FileNotFoundException): Cannot locate resource DualQuaternionSkinning_Shadow.cg in resource group Popular or any other group. in ResourceGroupManager::openResource at ..\..\OgreMain\src\OgreResourceGroupManager.cpp (line 756)
22:50:39: OGRE EXCEPTION(2:InvalidParametersException): Named constants have not been initialised, perhaps a compile error. in GpuProgramParameters::_findNamedConstantDefinition at ..\..\OgreMain\src\OgreGpuProgramParams.cpp (line 1709)
22:50:39: Compiler error: invalid parameters in DualQuaternionSkinning_Shadow.material(211): setting of constant failed
22:50:39: OGRE EXCEPTION(2:InvalidParametersException): Named constants have not been initialised, perhaps a compile error. in GpuProgramParameters::_findNamedConstantDefinition at ..\..\OgreMain\src\OgreGpuProgramParams.cpp (line 1709)
22:50:39: Compiler error: invalid parameters in DualQuaternionSkinning_Shadow.material(212): setting of constant failed
22:50:39: OGRE EXCEPTION(2:InvalidParametersException): Named constants have not been initialised, perhaps a compile error. in GpuProgramParameters::_findNamedConstantDefinition at ..\..\OgreMain\src\OgreGpuProgramParams.cpp (line 1709)
22:50:39: Compiler error: invalid parameters in DualQuaternionSkinning_Shadow.material(213): setting of constant failed
22:50:39: OGRE EXCEPTION(6:FileNotFoundException): Cannot locate resource DualQuaternionSkinning_Shadow.cg in resource group Popular or any other group. in ResourceGroupManager::openResource at ..\..\OgreMain\src\OgreResourceGroupManager.cpp (line 756)
22:50:39: High-level program Ogre/RTShader/shadow_caster_dq_skinning_4weight_vs_cg encountered an error during loading and is thus not supported.
OGRE EXCEPTION(6:FileNotFoundException): Cannot locate resource DualQuaternionSkinning_Shadow.cg in resource group Popular or any other group. in ResourceGroupManager::openResource at ..\..\OgreMain\src\OgreResourceGroupManager.cpp (line 756)
22:50:39: OGRE EXCEPTION(2:InvalidParametersException): Named constants have not been initialised, perhaps a compile error. in GpuProgramParameters::_findNamedConstantDefinition at ..\..\OgreMain\src\OgreGpuProgramParams.cpp (line 1709)
22:50:39: Compiler error: invalid parameters in DualQuaternionSkinning_Shadow.material(227): setting of constant failed
22:50:39: OGRE EXCEPTION(2:InvalidParametersException): Named constants have not been initialised, perhaps a compile error. in GpuProgramParameters::_findNamedConstantDefinition at ..\..\OgreMain\src\OgreGpuProgramParams.cpp (line 1709)
22:50:39: Compiler error: invalid parameters in DualQuaternionSkinning_Shadow.material(228): setting of constant failed
22:50:39: OGRE EXCEPTION(2:InvalidParametersException): Named constants have not been initialised, perhaps a compile error. in GpuProgramParameters::_findNamedConstantDefinition at ..\..\OgreMain\src\OgreGpuProgramParams.cpp (line 1709)
22:50:39: Compiler error: invalid parameters in DualQuaternionSkinning_Shadow.material(229): setting of constant failed
22:50:39: OGRE EXCEPTION(6:FileNotFoundException): Cannot locate resource DualQuaternionSkinning_Shadow.cg in resource group Popular or any other group. in ResourceGroupManager::openResource at ..\..\OgreMain\src\OgreResourceGroupManager.cpp (line 756)
22:50:39: High-level program Ogre/RTShader/shadow_caster_dq_skinning_1weight_twophase_vs_cg encountered an error during loading and is thus not supported.
OGRE EXCEPTION(6:FileNotFoundException): Cannot locate resource DualQuaternionSkinning_Shadow.cg in resource group Popular or any other group. in ResourceGroupManager::openResource at ..\..\OgreMain\src\OgreResourceGroupManager.cpp (line 756)
22:50:39: OGRE EXCEPTION(2:InvalidParametersException): Named constants have not been initialised, perhaps a compile error. in GpuProgramParameters::_findNamedConstantDefinition at ..\..\OgreMain\src\OgreGpuProgramParams.cpp (line 1709)
22:50:39: Compiler error: invalid parameters in DualQuaternionSkinning_Shadow.material(242): setting of constant failed
22:50:39: OGRE EXCEPTION(2:InvalidParametersException): Named constants have not been initialised, perhaps a compile error. in GpuProgramParameters::_findNamedConstantDefinition at ..\..\OgreMain\src\OgreGpuProgramParams.cpp (line 1709)
22:50:39: Compiler error: invalid parameters in DualQuaternionSkinning_Shadow.material(243): setting of constant failed
22:50:39: OGRE EXCEPTION(2:InvalidParametersException): Named constants have not been initialised, perhaps a compile error. in GpuProgramParameters::_findNamedConstantDefinition at ..\..\OgreMain\src\OgreGpuProgramParams.cpp (line 1709)
22:50:39: Compiler error: invalid parameters in DualQuaternionSkinning_Shadow.material(244): setting of constant failed
22:50:39: OGRE EXCEPTION(2:InvalidParametersException): Named constants have not been initialised, perhaps a compile error. in GpuProgramParameters::_findNamedConstantDefinition at ..\..\OgreMain\src\OgreGpuProgramParams.cpp (line 1709)
22:50:39: Compiler error: invalid parameters in DualQuaternionSkinning_Shadow.material(245): setting of constant failed
22:50:39: OGRE EXCEPTION(6:FileNotFoundException): Cannot locate resource DualQuaternionSkinning_Shadow.cg in resource group Popular or any other group. in ResourceGroupManager::openResource at ..\..\OgreMain\src\OgreResourceGroupManager.cpp (line 756)
22:50:39: High-level program Ogre/RTShader/shadow_caster_dq_skinning_2weight_twophase_vs_cg encountered an error during loading and is thus not supported.
OGRE EXCEPTION(6:FileNotFoundException): Cannot locate resource DualQuaternionSkinning_Shadow.cg in resource group Popular or any other group. in ResourceGroupManager::openResource at ..\..\OgreMain\src\OgreResourceGroupManager.cpp (line 756)
22:50:39: OGRE EXCEPTION(2:InvalidParametersException): Named constants have not been initialised, perhaps a compile error. in GpuProgramParameters::_findNamedConstantDefinition at ..\..\OgreMain\src\OgreGpuProgramParams.cpp (line 1709)
22:50:39: Compiler error: invalid parameters in DualQuaternionSkinning_Shadow.material(259): setting of constant failed
22:50:39: OGRE EXCEPTION(2:InvalidParametersException): Named constants have not been initialised, perhaps a compile error. in GpuProgramParameters::_findNamedConstantDefinition at ..\..\OgreMain\src\OgreGpuProgramParams.cpp (line 1709)
22:50:39: Compiler error: invalid parameters in DualQuaternionSkinning_Shadow.material(260): setting of constant failed
22:50:39: OGRE EXCEPTION(2:InvalidParametersException): Named constants have not been initialised, perhaps a compile error. in GpuProgramParameters::_findNamedConstantDefinition at ..\..\OgreMain\src\OgreGpuProgramParams.cpp (line 1709)
22:50:39: Compiler error: invalid parameters in DualQuaternionSkinning_Shadow.material(261): setting of constant failed
22:50:39: OGRE EXCEPTION(2:InvalidParametersException): Named constants have not been initialised, perhaps a compile error. in GpuProgramParameters::_findNamedConstantDefinition at ..\..\OgreMain\src\OgreGpuProgramParams.cpp (line 1709)
22:50:39: Compiler error: invalid parameters in DualQuaternionSkinning_Shadow.material(262): setting of constant failed
22:50:39: Parsing script HardwareSkinningShadow.material
22:50:39: OGRE EXCEPTION(6:FileNotFoundException): Cannot locate resource HardwareSkinningShadow.cg in resource group Popular or any other group. in ResourceGroupManager::openResource at ..\..\OgreMain\src\OgreResourceGroupManager.cpp (line 756)
22:50:39: High-level program Ogre/RTShader/shadow_caster_ps_cg encountered an error during loading and is thus not supported.
OGRE EXCEPTION(6:FileNotFoundException): Cannot locate resource HardwareSkinningShadow.cg in resource group Popular or any other group. in ResourceGroupManager::openResource at ..\..\OgreMain\src\OgreResourceGroupManager.cpp (line 756)
22:50:39: OGRE EXCEPTION(6:FileNotFoundException): Cannot locate resource HardwareSkinningShadow.cg in resource group Popular or any other group. in ResourceGroupManager::openResource at ..\..\OgreMain\src\OgreResourceGroupManager.cpp (line 756)
22:50:39: High-level program Ogre/RTShader/shadow_caster_skinning_1weight_vs_cg encountered an error during loading and is thus not supported.
OGRE EXCEPTION(6:FileNotFoundException): Cannot locate resource HardwareSkinningShadow.cg in resource group Popular or any other group. in ResourceGroupManager::openResource at ..\..\OgreMain\src\OgreResourceGroupManager.cpp (line 756)
22:50:39: OGRE EXCEPTION(2:InvalidParametersException): Named constants have not been initialised, perhaps a compile error. in GpuProgramParameters::_findNamedConstantDefinition at ..\..\OgreMain\src\OgreGpuProgramParams.cpp (line 1709)
22:50:39: Compiler error: invalid parameters in HardwareSkinningShadow.material(29): setting of constant failed
22:50:39: OGRE EXCEPTION(2:InvalidParametersException): Named constants have not been initialised, perhaps a compile error. in GpuProgramParameters::_findNamedConstantDefinition at ..\..\OgreMain\src\OgreGpuProgramParams.cpp (line 1709)
22:50:39: Compiler error: invalid parameters in HardwareSkinningShadow.material(30): setting of constant failed
22:50:39: OGRE EXCEPTION(6:FileNotFoundException): Cannot locate resource HardwareSkinningShadow.cg in resource group Popular or any other group. in ResourceGroupManager::openResource at ..\..\OgreMain\src\OgreResourceGroupManager.cpp (line 756)
22:50:39: High-level program Ogre/RTShader/shadow_caster_skinning_2weight_vs_cg encountered an error during loading and is thus not supported.
OGRE EXCEPTION(6:FileNotFoundException): Cannot locate resource HardwareSkinningShadow.cg in resource group Popular or any other group. in ResourceGroupManager::openResource at ..\..\OgreMain\src\OgreResourceGroupManager.cpp (line 756)
22:50:39: OGRE EXCEPTION(2:InvalidParametersException): Named constants have not been initialised, perhaps a compile error. in GpuProgramParameters::_findNamedConstantDefinition at ..\..\OgreMain\src\OgreGpuProgramParams.cpp (line 1709)
22:50:39: Compiler error: invalid parameters in HardwareSkinningShadow.material(43): setting of constant failed
22:50:39: OGRE EXCEPTION(2:InvalidParametersException): Named constants have not been initialised, perhaps a compile error. in GpuProgramParameters::_findNamedConstantDefinition at ..\..\OgreMain\src\OgreGpuProgramParams.cpp (line 1709)
22:50:39: Compiler error: invalid parameters in HardwareSkinningShadow.material(44): setting of constant failed
22:50:39: OGRE EXCEPTION(6:FileNotFoundException): Cannot locate resource HardwareSkinningShadow.cg in resource group Popular or any other group. in ResourceGroupManager::openResource at ..\..\OgreMain\src\OgreResourceGroupManager.cpp (line 756)
22:50:39: High-level program Ogre/RTShader/shadow_caster_skinning_3weight_vs_cg encountered an error during loading and is thus not supported.
OGRE EXCEPTION(6:FileNotFoundException): Cannot locate resource HardwareSkinningShadow.cg in resource group Popular or any other group. in ResourceGroupManager::openResource at ..\..\OgreMain\src\OgreResourceGroupManager.cpp (line 756)
22:50:39: OGRE EXCEPTION(2:InvalidParametersException): Named constants have not been initialised, perhaps a compile error. in GpuProgramParameters::_findNamedConstantDefinition at ..\..\OgreMain\src\OgreGpuProgramParams.cpp (line 1709)
22:50:39: Compiler error: invalid parameters in HardwareSkinningShadow.material(57): setting of constant failed
22:50:39: OGRE EXCEPTION(2:InvalidParametersException): Named constants have not been initialised, perhaps a compile error. in GpuProgramParameters::_findNamedConstantDefinition at ..\..\OgreMain\src\OgreGpuProgramParams.cpp (line 1709)
22:50:39: Compiler error: invalid parameters in HardwareSkinningShadow.material(58): setting of constant failed
22:50:39: OGRE EXCEPTION(6:FileNotFoundException): Cannot locate resource HardwareSkinningShadow.cg in resource group Popular or any other group. in ResourceGroupManager::openResource at ..\..\OgreMain\src\OgreResourceGroupManager.cpp (line 756)
22:50:39: High-level program Ogre/RTShader/shadow_caster_skinning_4weight_vs_cg encountered an error during loading and is thus not supported.
OGRE EXCEPTION(6:FileNotFoundException): Cannot locate resource HardwareSkinningShadow.cg in resource group Popular or any other group. in ResourceGroupManager::openResource at ..\..\OgreMain\src\OgreResourceGroupManager.cpp (line 756)
22:50:39: OGRE EXCEPTION(2:InvalidParametersException): Named constants have not been initialised, perhaps a compile error. in GpuProgramParameters::_findNamedConstantDefinition at ..\..\OgreMain\src\OgreGpuProgramParams.cpp (line 1709)
22:50:39: Compiler error: invalid parameters in HardwareSkinningShadow.material(72): setting of constant failed
22:50:39: OGRE EXCEPTION(2:InvalidParametersException): Named constants have not been initialised, perhaps a compile error. in GpuProgramParameters::_findNamedConstantDefinition at ..\..\OgreMain\src\OgreGpuProgramParams.cpp (line 1709)
22:50:39: Compiler error: invalid parameters in HardwareSkinningShadow.material(73): setting of constant failed
22:50:39: OGRE EXCEPTION(6:FileNotFoundException): Cannot locate resource HardwareSkinningShadow.cg in resource group Popular or any other group. in ResourceGroupManager::openResource at ..\..\OgreMain\src\OgreResourceGroupManager.cpp (line 756)
22:50:39: High-level program Ogre/RTShader/shadow_receiver_vs encountered an error during loading and is thus not supported.
OGRE EXCEPTION(6:FileNotFoundException): Cannot locate resource HardwareSkinningShadow.cg in resource group Popular or any other group. in ResourceGroupManager::openResource at ..\..\OgreMain\src\OgreResourceGroupManager.cpp (line 756)
22:50:39: OGRE EXCEPTION(2:InvalidParametersException): Named constants have not been initialised, perhaps a compile error. in GpuProgramParameters::_findNamedConstantDefinition at ..\..\OgreMain\src\OgreGpuProgramParams.cpp (line 1709)
22:50:39: Compiler error: invalid parameters in HardwareSkinningShadow.material(302): setting of constant failed
22:50:39: OGRE EXCEPTION(6:FileNotFoundException): Cannot locate resource HardwareSkinningShadow.cg in resource group Popular or any other group. in ResourceGroupManager::openResource at ..\..\OgreMain\src\OgreResourceGroupManager.cpp (line 756)
22:50:39: High-level program Ogre/RTShader/shadow_receiver_ps encountered an error during loading and is thus not supported.
OGRE EXCEPTION(6:FileNotFoundException): Cannot locate resource HardwareSkinningShadow.cg in resource group Popular or any other group. in ResourceGroupManager::openResource at ..\..\OgreMain\src\OgreResourceGroupManager.cpp (line 756)
22:50:39: Parsing script RTShaderSystem.material
22:50:39: Compiler error: unknown error in RTShaderSystem.material(23): token "rtshader_system" is not recognized
22:50:39: Compiler error: unknown error in RTShaderSystem.material(52): token "rtshader_system" is not recognized
22:50:39: Compiler error: unknown error in RTShaderSystem.material(81): token "rtshader_system" is not recognized
22:50:39: Compiler error: unknown error in RTShaderSystem.material(110): token "rtshader_system" is not recognized
22:50:39: Compiler error: unknown error in RTShaderSystem.material(146): token "rtshader_system" is not recognized
22:50:39: Compiler error: unknown error in RTShaderSystem.material(81): token "rtshader_system" is not recognized
22:50:39: Compiler error: unknown error in RTShaderSystem.material(162): token "rtshader_system" is not recognized
22:50:39: Compiler error: unknown error in RTShaderSystem.material(81): token "rtshader_system" is not recognized
22:50:39: Compiler error: unknown error in RTShaderSystem.material(110): token "rtshader_system" is not recognized
22:50:39: Compiler error: unknown error in RTShaderSystem.material(211): token "rtshader_system" is not recognized
22:50:39: Parsing script TriplanarTexturing.material
22:50:39: Compiler error: unknown error in TriplanarTexturing.material(9): token "rtshader_system" is not recognized
22:50:39: Parsing script CreaseShading.material
22:50:39: Parsing script Crytek.material
22:50:39: Parsing script GBuffer.material
22:50:39: Parsing script HemisphereMC.material
22:50:39: Parsing script HorizonBased.material
22:50:39: Parsing script Modulate.material
22:50:39: Parsing script ShowDepth.material
22:50:39: Parsing script ShowNormals.material
22:50:39: Parsing script ShowViewPos.material
22:50:39: Parsing script SSAOPost.material
22:50:39: Parsing script UnsharpMask.material
22:50:39: Parsing script Volumetric.material
22:50:39: Parsing script triplanarReference.material
22:50:39: Parsing script DualQuaternionSkinning_Shadow.material
22:50:39: OGRE EXCEPTION(6:FileNotFoundException): Cannot locate resource DualQuaternionSkinning_Shadow.cg in resource group Popular or any other group. in ResourceGroupManager::openResource at ..\..\OgreMain\src\OgreResourceGroupManager.cpp (line 756)
22:50:39: High-level program Ogre/RTShader/shadow_caster_dq_ps_cg encountered an error during loading and is thus not supported.
OGRE EXCEPTION(6:FileNotFoundException): Cannot locate resource DualQuaternionSkinning_Shadow.cg in resource group Popular or any other group. in ResourceGroupManager::openResource at ..\..\OgreMain\src\OgreResourceGroupManager.cpp (line 756)
22:50:39: OGRE EXCEPTION(6:FileNotFoundException): Cannot locate resource DualQuaternionSkinning_Shadow.cg in resource group Popular or any other group. in ResourceGroupManager::openResource at ..\..\OgreMain\src\OgreResourceGroupManager.cpp (line 756)
22:50:39: High-level program Ogre/RTShader/shadow_caster_dq_skinning_1weight_vs_cg encountered an error during loading and is thus not supported.
OGRE EXCEPTION(6:FileNotFoundException): Cannot locate resource DualQuaternionSkinning_Shadow.cg in resource group Popular or any other group. in ResourceGroupManager::openResource at ..\..\OgreMain\src\OgreResourceGroupManager.cpp (line 756)
22:50:39: OGRE EXCEPTION(2:InvalidParametersException): Named constants have not been initialised, perhaps a compile error. in GpuProgramParameters::_findNamedConstantDefinition at ..\..\OgreMain\src\OgreGpuProgramParams.cpp (line 1709)
22:50:39: Compiler error: invalid parameters in DualQuaternionSkinning_Shadow.material(180): setting of constant failed
22:50:39: OGRE EXCEPTION(2:InvalidParametersException): Named constants have not been initialised, perhaps a compile error. in GpuProgramParameters::_findNamedConstantDefinition at ..\..\OgreMain\src\OgreGpuProgramParams.cpp (line 1709)
22:50:39: Compiler error: invalid parameters in DualQuaternionSkinning_Shadow.material(181): setting of constant failed
22:50:39: OGRE EXCEPTION(2:InvalidParametersException): Named constants have not been initialised, perhaps a compile error. in GpuProgramParameters::_findNamedConstantDefinition at ..\..\OgreMain\src\OgreGpuProgramParams.cpp (line 1709)
22:50:39: Compiler error: invalid parameters in DualQuaternionSkinning_Shadow.material(182): setting of constant failed
22:50:39: OGRE EXCEPTION(6:FileNotFoundException): Cannot locate resource DualQuaternionSkinning_Shadow.cg in resource group Popular or any other group. in ResourceGroupManager::openResource at ..\..\OgreMain\src\OgreResourceGroupManager.cpp (line 756)
22:50:39: High-level program Ogre/RTShader/shadow_caster_dq_skinning_2weight_vs_cg encountered an error during loading and is thus not supported.
OGRE EXCEPTION(6:FileNotFoundException): Cannot locate resource DualQuaternionSkinning_Shadow.cg in resource group Popular or any other group. in ResourceGroupManager::openResource at ..\..\OgreMain\src\OgreResourceGroupManager.cpp (line 756)
22:50:39: OGRE EXCEPTION(2:InvalidParametersException): Named constants have not been initialised, perhaps a compile error. in GpuProgramParameters::_findNamedConstantDefinition at ..\..\OgreMain\src\OgreGpuProgramParams.cpp (line 1709)
22:50:39: Compiler error: invalid parameters in DualQuaternionSkinning_Shadow.material(196): setting of constant failed
22:50:39: OGRE EXCEPTION(2:InvalidParametersException): Named constants have not been initialised, perhaps a compile error. in GpuProgramParameters::_findNamedConstantDefinition at ..\..\OgreMain\src\OgreGpuProgramParams.cpp (line 1709)
22:50:39: Compiler error: invalid parameters in DualQuaternionSkinning_Shadow.material(197): setting of constant failed
22:50:39: OGRE EXCEPTION(2:InvalidParametersException): Named constants have not been initialised, perhaps a compile error. in GpuProgramParameters::_findNamedConstantDefinition at ..\..\OgreMain\src\OgreGpuProgramParams.cpp (line 1709)
22:50:39: Compiler error: invalid parameters in DualQuaternionSkinning_Shadow.material(198): setting of constant failed
22:50:39: OGRE EXCEPTION(6:FileNotFoundException): Cannot locate resource DualQuaternionSkinning_Shadow.cg in resource group Popular or any other group. in ResourceGroupManager::openResource at ..\..\OgreMain\src\OgreResourceGroupManager.cpp (line 756)
22:50:39: High-level program Ogre/RTShader/shadow_caster_dq_skinning_3weight_vs_cg encountered an error during loading and is thus not supported.
OGRE EXCEPTION(6:FileNotFoundException): Cannot locate resource DualQuaternionSkinning_Shadow.cg in resource group Popular or any other group. in ResourceGroupManager::openResource at ..\..\OgreMain\src\OgreResourceGroupManager.cpp (line 756)
22:50:39: OGRE EXCEPTION(2:InvalidParametersException): Named constants have not been initialised, perhaps a compile error. in GpuProgramParameters::_findNamedConstantDefinition at ..\..\OgreMain\src\OgreGpuProgramParams.cpp (line 1709)
22:50:39: Compiler error: invalid parameters in DualQuaternionSkinning_Shadow.material(211): setting of constant failed
22:50:39: OGRE EXCEPTION(2:InvalidParametersException): Named constants have not been initialised, perhaps a compile error. in GpuProgramParameters::_findNamedConstantDefinition at ..\..\OgreMain\src\OgreGpuProgramParams.cpp (line 1709)
22:50:39: Compiler error: invalid parameters in DualQuaternionSkinning_Shadow.material(212): setting of constant failed
22:50:39: OGRE EXCEPTION(2:InvalidParametersException): Named constants have not been initialised, perhaps a compile error. in GpuProgramParameters::_findNamedConstantDefinition at ..\..\OgreMain\src\OgreGpuProgramParams.cpp (line 1709)
22:50:39: Compiler error: invalid parameters in DualQuaternionSkinning_Shadow.material(213): setting of constant failed
22:50:39: OGRE EXCEPTION(6:FileNotFoundException): Cannot locate resource DualQuaternionSkinning_Shadow.cg in resource group Popular or any other group. in ResourceGroupManager::openResource at ..\..\OgreMain\src\OgreResourceGroupManager.cpp (line 756)
22:50:39: High-level program Ogre/RTShader/shadow_caster_dq_skinning_4weight_vs_cg encountered an error during loading and is thus not supported.
OGRE EXCEPTION(6:FileNotFoundException): Cannot locate resource DualQuaternionSkinning_Shadow.cg in resource group Popular or any other group. in ResourceGroupManager::openResource at ..\..\OgreMain\src\OgreResourceGroupManager.cpp (line 756)
22:50:39: OGRE EXCEPTION(2:InvalidParametersException): Named constants have not been initialised, perhaps a compile error. in GpuProgramParameters::_findNamedConstantDefinition at ..\..\OgreMain\src\OgreGpuProgramParams.cpp (line 1709)
22:50:39: Compiler error: invalid parameters in DualQuaternionSkinning_Shadow.material(227): setting of constant failed
22:50:39: OGRE EXCEPTION(2:InvalidParametersException): Named constants have not been initialised, perhaps a compile error. in GpuProgramParameters::_findNamedConstantDefinition at ..\..\OgreMain\src\OgreGpuProgramParams.cpp (line 1709)
22:50:39: Compiler error: invalid parameters in DualQuaternionSkinning_Shadow.material(228): setting of constant failed
22:50:39: OGRE EXCEPTION(2:InvalidParametersException): Named constants have not been initialised, perhaps a compile error. in GpuProgramParameters::_findNamedConstantDefinition at ..\..\OgreMain\src\OgreGpuProgramParams.cpp (line 1709)
22:50:39: Compiler error: invalid parameters in DualQuaternionSkinning_Shadow.material(229): setting of constant failed
22:50:39: OGRE EXCEPTION(6:FileNotFoundException): Cannot locate resource DualQuaternionSkinning_Shadow.cg in resource group Popular or any other group. in ResourceGroupManager::openResource at ..\..\OgreMain\src\OgreResourceGroupManager.cpp (line 756)
22:50:39: High-level program Ogre/RTShader/shadow_caster_dq_skinning_1weight_twophase_vs_cg encountered an error during loading and is thus not supported.
OGRE EXCEPTION(6:FileNotFoundException): Cannot locate resource DualQuaternionSkinning_Shadow.cg in resource group Popular or any other group. in ResourceGroupManager::openResource at ..\..\OgreMain\src\OgreResourceGroupManager.cpp (line 756)
22:50:39: OGRE EXCEPTION(2:InvalidParametersException): Named constants have not been initialised, perhaps a compile error. in GpuProgramParameters::_findNamedConstantDefinition at ..\..\OgreMain\src\OgreGpuProgramParams.cpp (line 1709)
22:50:39: Compiler error: invalid parameters in DualQuaternionSkinning_Shadow.material(242): setting of constant failed
22:50:39: OGRE EXCEPTION(2:InvalidParametersException): Named constants have not been initialised, perhaps a compile error. in GpuProgramParameters::_findNamedConstantDefinition at ..\..\OgreMain\src\OgreGpuProgramParams.cpp (line 1709)
22:50:39: Compiler error: invalid parameters in DualQuaternionSkinning_Shadow.material(243): setting of constant failed
22:50:39: OGRE EXCEPTION(2:InvalidParametersException): Named constants have not been initialised, perhaps a compile error. in GpuProgramParameters::_findNamedConstantDefinition at ..\..\OgreMain\src\OgreGpuProgramParams.cpp (line 1709)
22:50:39: Compiler error: invalid parameters in DualQuaternionSkinning_Shadow.material(244): setting of constant failed
22:50:39: OGRE EXCEPTION(2:InvalidParametersException): Named constants have not been initialised, perhaps a compile error. in GpuProgramParameters::_findNamedConstantDefinition at ..\..\OgreMain\src\OgreGpuProgramParams.cpp (line 1709)
22:50:39: Compiler error: invalid parameters in DualQuaternionSkinning_Shadow.material(245): setting of constant failed
22:50:39: OGRE EXCEPTION(6:FileNotFoundException): Cannot locate resource DualQuaternionSkinning_Shadow.cg in resource group Popular or any other group. in ResourceGroupManager::openResource at ..\..\OgreMain\src\OgreResourceGroupManager.cpp (line 756)
22:50:39: High-level program Ogre/RTShader/shadow_caster_dq_skinning_2weight_twophase_vs_cg encountered an error during loading and is thus not supported.
OGRE EXCEPTION(6:FileNotFoundException): Cannot locate resource DualQuaternionSkinning_Shadow.cg in resource group Popular or any other group. in ResourceGroupManager::openResource at ..\..\OgreMain\src\OgreResourceGroupManager.cpp (line 756)
22:50:39: OGRE EXCEPTION(2:InvalidParametersException): Named constants have not been initialised, perhaps a compile error. in GpuProgramParameters::_findNamedConstantDefinition at ..\..\OgreMain\src\OgreGpuProgramParams.cpp (line 1709)
22:50:39: Compiler error: invalid parameters in DualQuaternionSkinning_Shadow.material(259): setting of constant failed
22:50:39: OGRE EXCEPTION(2:InvalidParametersException): Named constants have not been initialised, perhaps a compile error. in GpuProgramParameters::_findNamedConstantDefinition at ..\..\OgreMain\src\OgreGpuProgramParams.cpp (line 1709)
22:50:39: Compiler error: invalid parameters in DualQuaternionSkinning_Shadow.material(260): setting of constant failed
22:50:39: OGRE EXCEPTION(2:InvalidParametersException): Named constants have not been initialised, perhaps a compile error. in GpuProgramParameters::_findNamedConstantDefinition at ..\..\OgreMain\src\OgreGpuProgramParams.cpp (line 1709)
22:50:39: Compiler error: invalid parameters in DualQuaternionSkinning_Shadow.material(261): setting of constant failed
22:50:39: OGRE EXCEPTION(2:InvalidParametersException): Named constants have not been initialised, perhaps a compile error. in GpuProgramParameters::_findNamedConstantDefinition at ..\..\OgreMain\src\OgreGpuProgramParams.cpp (line 1709)
22:50:39: Compiler error: invalid parameters in DualQuaternionSkinning_Shadow.material(262): setting of constant failed
22:50:39: Parsing script HardwareSkinningShadow.material
22:50:39: OGRE EXCEPTION(6:FileNotFoundException): Cannot locate resource HardwareSkinningShadow.cg in resource group Popular or any other group. in ResourceGroupManager::openResource at ..\..\OgreMain\src\OgreResourceGroupManager.cpp (line 756)
22:50:39: High-level program Ogre/RTShader/shadow_caster_ps_cg encountered an error during loading and is thus not supported.
OGRE EXCEPTION(6:FileNotFoundException): Cannot locate resource HardwareSkinningShadow.cg in resource group Popular or any other group. in ResourceGroupManager::openResource at ..\..\OgreMain\src\OgreResourceGroupManager.cpp (line 756)
22:50:39: OGRE EXCEPTION(6:FileNotFoundException): Cannot locate resource HardwareSkinningShadow.cg in resource group Popular or any other group. in ResourceGroupManager::openResource at ..\..\OgreMain\src\OgreResourceGroupManager.cpp (line 756)
22:50:39: High-level program Ogre/RTShader/shadow_caster_skinning_1weight_vs_cg encountered an error during loading and is thus not supported.
OGRE EXCEPTION(6:FileNotFoundException): Cannot locate resource HardwareSkinningShadow.cg in resource group Popular or any other group. in ResourceGroupManager::openResource at ..\..\OgreMain\src\OgreResourceGroupManager.cpp (line 756)
22:50:39: OGRE EXCEPTION(2:InvalidParametersException): Named constants have not been initialised, perhaps a compile error. in GpuProgramParameters::_findNamedConstantDefinition at ..\..\OgreMain\src\OgreGpuProgramParams.cpp (line 1709)
22:50:39: Compiler error: invalid parameters in HardwareSkinningShadow.material(29): setting of constant failed
22:50:39: OGRE EXCEPTION(2:InvalidParametersException): Named constants have not been initialised, perhaps a compile error. in GpuProgramParameters::_findNamedConstantDefinition at ..\..\OgreMain\src\OgreGpuProgramParams.cpp (line 1709)
22:50:39: Compiler error: invalid parameters in HardwareSkinningShadow.material(30): setting of constant failed
22:50:39: OGRE EXCEPTION(6:FileNotFoundException): Cannot locate resource HardwareSkinningShadow.cg in resource group Popular or any other group. in ResourceGroupManager::openResource at ..\..\OgreMain\src\OgreResourceGroupManager.cpp (line 756)
22:50:39: High-level program Ogre/RTShader/shadow_caster_skinning_2weight_vs_cg encountered an error during loading and is thus not supported.
OGRE EXCEPTION(6:FileNotFoundException): Cannot locate resource HardwareSkinningShadow.cg in resource group Popular or any other group. in ResourceGroupManager::openResource at ..\..\OgreMain\src\OgreResourceGroupManager.cpp (line 756)
22:50:39: OGRE EXCEPTION(2:InvalidParametersException): Named constants have not been initialised, perhaps a compile error. in GpuProgramParameters::_findNamedConstantDefinition at ..\..\OgreMain\src\OgreGpuProgramParams.cpp (line 1709)
22:50:39: Compiler error: invalid parameters in HardwareSkinningShadow.material(43): setting of constant failed
22:50:39: OGRE EXCEPTION(2:InvalidParametersException): Named constants have not been initialised, perhaps a compile error. in GpuProgramParameters::_findNamedConstantDefinition at ..\..\OgreMain\src\OgreGpuProgramParams.cpp (line 1709)
22:50:39: Compiler error: invalid parameters in HardwareSkinningShadow.material(44): setting of constant failed
22:50:39: OGRE EXCEPTION(6:FileNotFoundException): Cannot locate resource HardwareSkinningShadow.cg in resource group Popular or any other group. in ResourceGroupManager::openResource at ..\..\OgreMain\src\OgreResourceGroupManager.cpp (line 756)
22:50:39: High-level program Ogre/RTShader/shadow_caster_skinning_3weight_vs_cg encountered an error during loading and is thus not supported.
OGRE EXCEPTION(6:FileNotFoundException): Cannot locate resource HardwareSkinningShadow.cg in resource group Popular or any other group. in ResourceGroupManager::openResource at ..\..\OgreMain\src\OgreResourceGroupManager.cpp (line 756)
22:50:39: OGRE EXCEPTION(2:InvalidParametersException): Named constants have not been initialised, perhaps a compile error. in GpuProgramParameters::_findNamedConstantDefinition at ..\..\OgreMain\src\OgreGpuProgramParams.cpp (line 1709)
22:50:39: Compiler error: invalid parameters in HardwareSkinningShadow.material(57): setting of constant failed
22:50:39: OGRE EXCEPTION(2:InvalidParametersException): Named constants have not been initialised, perhaps a compile error. in GpuProgramParameters::_findNamedConstantDefinition at ..\..\OgreMain\src\OgreGpuProgramParams.cpp (line 1709)
22:50:39: Compiler error: invalid parameters in HardwareSkinningShadow.material(58): setting of constant failed
22:50:39: OGRE EXCEPTION(6:FileNotFoundException): Cannot locate resource HardwareSkinningShadow.cg in resource group Popular or any other group. in ResourceGroupManager::openResource at ..\..\OgreMain\src\OgreResourceGroupManager.cpp (line 756)
22:50:39: High-level program Ogre/RTShader/shadow_caster_skinning_4weight_vs_cg encountered an error during loading and is thus not supported.
OGRE EXCEPTION(6:FileNotFoundException): Cannot locate resource HardwareSkinningShadow.cg in resource group Popular or any other group. in ResourceGroupManager::openResource at ..\..\OgreMain\src\OgreResourceGroupManager.cpp (line 756)
22:50:39: OGRE EXCEPTION(2:InvalidParametersException): Named constants have not been initialised, perhaps a compile error. in GpuProgramParameters::_findNamedConstantDefinition at ..\..\OgreMain\src\OgreGpuProgramParams.cpp (line 1709)
22:50:39: Compiler error: invalid parameters in HardwareSkinningShadow.material(72): setting of constant failed
22:50:39: OGRE EXCEPTION(2:InvalidParametersException): Named constants have not been initialised, perhaps a compile error. in GpuProgramParameters::_findNamedConstantDefinition at ..\..\OgreMain\src\OgreGpuProgramParams.cpp (line 1709)
22:50:39: Compiler error: invalid parameters in HardwareSkinningShadow.material(73): setting of constant failed
22:50:39: OGRE EXCEPTION(6:FileNotFoundException): Cannot locate resource HardwareSkinningShadow.cg in resource group Popular or any other group. in ResourceGroupManager::openResource at ..\..\OgreMain\src\OgreResourceGroupManager.cpp (line 756)
22:50:39: High-level program Ogre/RTShader/shadow_receiver_vs encountered an error during loading and is thus not supported.
OGRE EXCEPTION(6:FileNotFoundException): Cannot locate resource HardwareSkinningShadow.cg in resource group Popular or any other group. in ResourceGroupManager::openResource at ..\..\OgreMain\src\OgreResourceGroupManager.cpp (line 756)
22:50:39: OGRE EXCEPTION(2:InvalidParametersException): Named constants have not been initialised, perhaps a compile error. in GpuProgramParameters::_findNamedConstantDefinition at ..\..\OgreMain\src\OgreGpuProgramParams.cpp (line 1709)
22:50:39: Compiler error: invalid parameters in HardwareSkinningShadow.material(302): setting of constant failed
22:50:39: OGRE EXCEPTION(6:FileNotFoundException): Cannot locate resource HardwareSkinningShadow.cg in resource group Popular or any other group. in ResourceGroupManager::openResource at ..\..\OgreMain\src\OgreResourceGroupManager.cpp (line 756)
22:50:39: High-level program Ogre/RTShader/shadow_receiver_ps encountered an error during loading and is thus not supported.
OGRE EXCEPTION(6:FileNotFoundException): Cannot locate resource HardwareSkinningShadow.cg in resource group Popular or any other group. in ResourceGroupManager::openResource at ..\..\OgreMain\src\OgreResourceGroupManager.cpp (line 756)
22:50:39: Parsing script RTShaderSystem.material
22:50:39: Compiler error: unknown error in RTShaderSystem.material(23): token "rtshader_system" is not recognized
22:50:39: Compiler error: unknown error in RTShaderSystem.material(52): token "rtshader_system" is not recognized
22:50:39: Compiler error: unknown error in RTShaderSystem.material(81): token "rtshader_system" is not recognized
22:50:39: Compiler error: unknown error in RTShaderSystem.material(110): token "rtshader_system" is not recognized
22:50:39: Compiler error: unknown error in RTShaderSystem.material(146): token "rtshader_system" is not recognized
22:50:39: Compiler error: unknown error in RTShaderSystem.material(81): token "rtshader_system" is not recognized
22:50:39: Compiler error: unknown error in RTShaderSystem.material(162): token "rtshader_system" is not recognized
22:50:39: Compiler error: unknown error in RTShaderSystem.material(81): token "rtshader_system" is not recognized
22:50:39: Compiler error: unknown error in RTShaderSystem.material(110): token "rtshader_system" is not recognized
22:50:39: Compiler error: unknown error in RTShaderSystem.material(211): token "rtshader_system" is not recognized
22:50:39: Parsing script TriplanarTexturing.material
22:50:39: Compiler error: unknown error in TriplanarTexturing.material(9): token "rtshader_system" is not recognized
22:50:39: Parsing script RomanBath.material
22:50:39: Parsing script Sinbad.material
22:50:39: Parsing script emitted_emitter.particle
22:50:39: Parsing script Examples-Water.particle
22:50:39: Parsing script Examples.particle
22:50:39: Parsing script smoke.particle
22:50:39: Parsing script Examples.compositor
22:50:39: Parsing script deferred.compositor
22:50:39: Parsing script ssao.compositor
22:50:39: Parsing script SSAO.compositor
22:50:39: Parsing script SSAOPost.compositor
22:50:39: Finished parsing scripts for resource group Popular
22:50:39: Creating resources for group Popular
22:50:39: All done
22:50:39: Parsing scripts for resource group fonts
22:50:39: Finished parsing scripts for resource group fonts
22:50:39: Creating resources for group fonts
22:50:39: All done
22:50:39: Parsing scripts for resource group imagesets
22:50:39: Finished parsing scripts for resource group imagesets
22:50:39: Creating resources for group imagesets
22:50:39: All done
22:50:39: Parsing scripts for resource group layouts
22:50:39: Finished parsing scripts for resource group layouts
22:50:39: Creating resources for group layouts
22:50:39: All done
22:50:39: Parsing scripts for resource group lookNFeel
22:50:39: Finished parsing scripts for resource group lookNFeel
22:50:39: Creating resources for group lookNFeel
22:50:39: All done
22:50:39: Parsing scripts for resource group looknfeels
22:50:39: Finished parsing scripts for resource group looknfeels
22:50:39: Creating resources for group looknfeels
22:50:39: All done
22:50:39: Parsing scripts for resource group schemes
22:50:39: Finished parsing scripts for resource group schemes
22:50:39: Creating resources for group schemes
22:50:39: All done
22:50:39: Parsing scripts for resource group videos
22:50:39: Finished parsing scripts for resource group videos
22:50:39: Creating resources for group videos
22:50:39: All done
22:50:39: *** ---  GBaseClass::init DONE --- ***
22:50:39: *** --- GBaseClass::createScene  --- ***
22:50:39: *** --- GBaseClass::createScene2  --- ***
22:50:39: *****************************************
22:50:39: *** --- Initialising OgreOggSound --- ***
22:50:39: *** ---     OgreOggSound v1.26    --- ***
22:50:39: *****************************************
22:50:39: *** --- OpenAL version 1.1
22:50:39: *** --- AVAILABLE DEVICES --- ***
22:50:39: *** --- OpenAL Soft
22:50:39: *** --- OpenAL Soft
22:50:39: *** --- OpenAL Soft
22:50:39: *** --- OpenAL Soft
22:50:39: *** --- Choosing: OpenAL Soft (Default device)
22:50:39: *** --- OpenAL Device successfully created
22:50:39: *** --- OpenAL Context successfully created
22:50:39: *** --- SUPPORTED FORMATS
22:50:39: *** --- AL_FORMAT_MONO16 -- Monophonic Sound
22:50:39: *** --- AL_FORMAT_STEREO16 -- Stereo Sound
22:50:39: *** --- AL_FORMAT_QUAD16 -- 4 Channel Sound
22:50:39: *** --- AL_FORMAT_51CHN16 -- 5.1 Surround Sound
22:50:39: *** --- AL_FORMAT_61CHN16 -- 6.1 Surround Sound
22:50:39: *** --- AL_FORMAT_71CHN16 -- 7.1 Surround Sound
22:50:39: *** --- Created 100 sources for simultaneous sounds
22:50:39: *** --- Using BOOST threads for streaming
22:50:39: *** --- Recording devices available:
22:50:39: ***--- 'udio Digital (S/PDIF) (Dispositivo de High Definition Audio)'
22:50:39: *****************************************
22:50:39: *** ---  OgreOggSound Initialised --- ***
22:50:39: *****************************************
22:50:39: *** --- GBaseClass::createScene3  --- ***
22:50:39: *** --- VideoClipManager::VideoClipManager1  --- ***
22:50:39: *** --- VideoClipManager::VideoClipManager2  --- ***
22:50:39: *** --- GBaseClass::createScene4  --- ***
22:50:39: Texture: DejaVuSansFontGenerated_15.png: Loading 1 faces(PF_A8R8G8B8,128x256x1) with 0 generated mipmaps from Image. Internal format is PF_A8R8G8B8,128x256x1.
22:50:39: Texture: MyGUI_BlueWhiteSkins.png: Loading 1 faces(PF_A8R8G8B8,512x256x1) with 0 generated mipmaps from Image. Internal format is PF_A8R8G8B8,512x256x1.
22:50:39: Texture: MyGUI_Pointers.png: Loading 1 faces(PF_A8R8G8B8,256x128x1) with 0 generated mipmaps from Image. Internal format is PF_A8R8G8B8,256x128x1.
22:50:39: *** ---  MainScreen::setup(void) --- ***
22:50:39: OverlayElementFactory for type Panel registered.
22:50:39: OverlayElementFactory for type BorderPanel registered.
22:50:39: OverlayElementFactory for type TextArea registered.
22:50:39: Registering ResourceManager for type Font
22:50:39: *** --- GBaseClass::swapSceneMgr1  --- ***mainScreen
22:50:39: *** --- GBaseClass::swapSceneMgr11 end.  --- ***
22:50:39: Texture: DejaVuSansFontGenerated_15.png: Loading 1 faces(PF_A8R8G8B8,128x256x1) with 0 generated mipmaps from Image. Internal format is PF_A8R8G8B8,128x256x1.
22:50:39: Texture: MyGUI_BlueWhiteSkins.png: Loading 1 faces(PF_A8R8G8B8,512x256x1) with 0 generated mipmaps from Image. Internal format is PF_A8R8G8B8,512x256x1.
22:50:39: Texture: MyGUI_Pointers.png: Loading 1 faces(PF_A8R8G8B8,256x128x1) with 0 generated mipmaps from Image. Internal format is PF_A8R8G8B8,256x128x1.
22:50:39: *** --- GBaseClass::swapSceneMgr2 end.  --- ***
22:50:39: *** ---  MainScreen::createScene --- ***
22:50:39: *** ---  MainScreen::createScene 2 --- ***
22:50:39: Mesh: Loading Base.mesh.
22:50:39: *** ---  MainScreen::createScene 3 --- ***
22:50:39: *** ---  MainScreen::createScene 4 --- ***
22:50:39: *** ---  GBaseClass::createScene  end--- ***
22:50:39: *** createFrameListener 1 ***
22:50:39: *** Initializing OIS ***
22:50:39: *** ---  createFrameListener  --- ***
22:50:39: *** ---  go() --- ***
22:50:39: *** ---  go1() --- ***
22:50:39: GLHardwareVertexBuffer::lock - Error: failed to Discard the buffer. Try to recreate the buffer
22:50:41: Mesh: Loading Cube.mesh.
22:50:41: Texture: cube001.png: Loading 1 faces(PF_A8R8G8B8,1024x1024x1) with 5 generated mipmaps from Image. Internal format is PF_A8R8G8B8,1024x1024x1.
22:50:43: *** ---  GBaseClass::keyPressed --- ***
22:50:43: *** ---  GBaseClass::keyPressed end --- ***
22:50:43: *** ---  GBaseClass::keyPressed --- ***
22:50:43: *** ---  GBaseClass::keyPressed end --- ***
22:50:44: *** ---  GBaseClass::keyPressed --- ***
22:50:44: *** ---  GBaseClass::keyPressed end --- ***
22:50:44: *** ---  GBaseClass::keyPressed --- ***
22:50:44: *** ---  GBaseClass::keyPressed end --- ***
22:50:45: *** ---  GBaseClass::keyPressed --- ***
22:50:45: *** ---  GBaseClass::keyPressed end --- ***
22:50:45: *** ---  GBaseClass::keyPressed --- ***
22:50:45: *** ---  GBaseClass::keyPressed end --- ***
22:50:46: *** ---  GBaseClass::keyPressed --- ***
22:50:46: *** ---  GBaseClass::keyPressed end --- ***
22:50:47: *** ---  GBaseClass::keyPressed --- ***
22:50:47: *** ---  GBaseClass::keyPressed end --- ***
22:50:47: *** ---  GBaseClass::keyPressed --- ***
22:50:47: *** ---  GBaseClass::keyPressed end --- ***
22:50:48: *** ---  GBaseClass::keyPressed --- ***
22:50:48: *** ---  GBaseClass::keyPressed end --- ***
22:50:50: *** ---  GBaseClass::keyPressed --- ***
22:50:50: *** ---  GBaseClass::keyPressed end --- ***
22:50:50: *** ---  GBaseClass::keyPressed --- ***
22:50:50: *** ---  GBaseClass::keyPressed end --- ***
22:51:00: *** ---  GBaseClass::keyPressed --- ***
22:51:00: *** --- MainMenu::OnMouseClick_ItemListbox  --- ***Ramp.mesh
22:51:00: *** ---  GBaseClass::keyPressed end --- ***
22:51:01: Mesh: Loading Ramp.mesh.
22:51:01: Texture: rampa001.png: Loading 1 faces(PF_A8R8G8B8,1024x1024x1) with 5 generated mipmaps from Image. Internal format is PF_A8R8G8B8,1024x1024x1.
22:51:08: *** ---  GBaseClass::keyPressed --- ***
22:51:08: *** --- MainMenu::OnMouseClick_ItemListbox  --- ***Stair.mesh
22:51:08: *** ---  GBaseClass::keyPressed end --- ***
22:51:09: Mesh: Loading Stair.mesh.
22:51:09: Texture: escada.png: Loading 1 faces(PF_A8R8G8B8,1024x1024x1) with 5 generated mipmaps from Image. Internal format is PF_A8R8G8B8,1024x1024x1.
22:51:19: *** ---  GBaseClass::keyPressed --- ***
22:51:19: *** ---  GBaseClass::keyPressed end --- ***
22:51:20: *** ---  GBaseClass::keyPressed --- ***
22:51:20: *** ---  GBaseClass::keyPressed end --- ***
22:51:24: *** ---  GBaseClass::keyPressed --- ***
22:51:24: *** ---  GBaseClass::keyPressed end --- ***
22:51:24: *** ---  GBaseClass::keyPressed --- ***
22:51:24: *** ---  GBaseClass::keyPressed end --- ***
22:51:25: *** ---  GBaseClass::keyPressed --- ***
22:51:25: *** ---  GBaseClass::keyPressed end --- ***
22:51:28: *** ---  GBaseClass::keyPressed --- ***
22:51:28: *** ---  GBaseClass::keyPressed end --- ***
22:51:40: *** ---  GBaseClass::keyPressed --- ***
22:51:40: *** ---  GBaseClass::keyPressed end --- ***
22:51:41: *** ---  GBaseClass::keyPressed --- ***
22:51:41: *** ---  GBaseClass::keyPressed end --- ***
22:51:41: *** ---  GBaseClass::keyPressed --- ***
22:51:41: *** ---  GBaseClass::keyPressed end --- ***
22:51:56: *** ---  GBaseClass::keyPressed --- ***
22:51:56: *** ---  GBaseClass::keyPressed end --- ***
22:51:58: *** ---  GBaseClass::keyPressed --- ***
22:51:58: *** ---  GBaseClass::keyPressed end --- ***
22:51:58: *** ---  GBaseClass::keyPressed --- ***
22:51:58: *** ---  GBaseClass::keyPressed mainScreen
22:51:58: *** ---  GBaseClass::keyPressed shutdown --- ***
22:51:58: *** ---  GBaseClass::keyPressed end --- ***
22:51:58: *** ---  go2() --- ***
